[Info  - 10:45:12 AM] ESLint server is starting.
[Info  - 10:45:12 AM] ESLint server running in node v18.15.0
[Info  - 10:45:12 AM] ESLint server is running.
[Info  - 10:45:13 AM] ESLint library loaded from: /home/cyb1ove/Projects/commdiva/clientapp_v2/node_modules/eslint/lib/api.js
[Warn  - 10:45:13 AM] 
No ESLint configuration (e.g .eslintrc) found for file: /home/cyb1ove/Projects/commdiva/clientapp_v2/src/containers/Chat/components/ChatTimeline/interactions/IncomingGirlsChatMessage.js
File will not be validated. Consider running 'eslint --init' in the workspace folder clientapp_v2
Alternatively you can disable ESLint by executing the 'Disable ESLint' command.
[Warn  - 10:45:15 AM] 
No ESLint configuration (e.g .eslintrc) found for file: /home/cyb1ove/Projects/commdiva/clientapp_v2/src/containers/Chat/components/ChatSources/ChatSources.js
File will not be validated. Consider running 'eslint --init' in the workspace folder clientapp_v2
Alternatively you can disable ESLint by executing the 'Disable ESLint' command.
[Warn  - 10:45:16 AM] 
No ESLint configuration (e.g .eslintrc) found for file: /home/cyb1ove/Projects/commdiva/clientapp_v2/src/containers/Chat/PublicChat/OperatorsChat/OperatorsChat.js
File will not be validated. Consider running 'eslint --init' in the workspace folder clientapp_v2
Alternatively you can disable ESLint by executing the 'Disable ESLint' command.
[Warn  - 11:02:03 AM] 
No ESLint configuration (e.g .eslintrc) found for file: /home/cyb1ove/Projects/commdiva/clientapp_v2/src/containers/Chat/PublicChat/GlossaryList/GlossaryList.js
File will not be validated. Consider running 'eslint --init' in the workspace folder clientapp_v2
Alternatively you can disable ESLint by executing the 'Disable ESLint' command.
[Warn  - 11:02:05 AM] 
No ESLint configuration (e.g .eslintrc) found for file: /home/cyb1ove/Projects/commdiva/clientapp_v2/src/containers/Chat/ClientChat.js
File will not be validated. Consider running 'eslint --init' in the workspace folder clientapp_v2
Alternatively you can disable ESLint by executing the 'Disable ESLint' command.
[Warn  - 11:02:05 AM] 
No ESLint configuration (e.g .eslintrc) found for file: /home/cyb1ove/Projects/commdiva/clientapp_v2/src/containers/Chat/Chat.js
File will not be validated. Consider running 'eslint --init' in the workspace folder clientapp_v2
Alternatively you can disable ESLint by executing the 'Disable ESLint' command.
[Warn  - 11:02:06 AM] 
No ESLint configuration (e.g .eslintrc) found for file: /home/cyb1ove/Projects/commdiva/clientapp_v2/src/containers/Chat/components/ChatTimeline/ChatTimeline1.js
File will not be validated. Consider running 'eslint --init' in the workspace folder clientapp_v2
Alternatively you can disable ESLint by executing the 'Disable ESLint' command.
[Warn  - 11:02:20 AM] 
No ESLint configuration (e.g .eslintrc) found for file: /home/cyb1ove/Projects/commdiva/clientapp_v2/src/containers/Chat/components/ChatTimeline/interactions/WebmasterMessage.js
File will not be validated. Consider running 'eslint --init' in the workspace folder clientapp_v2
Alternatively you can disable ESLint by executing the 'Disable ESLint' command.
[Warn  - 11:06:13 AM] 
No ESLint configuration (e.g .eslintrc) found for file: /home/cyb1ove/Projects/commdiva/clientapp_v2/src/containers/Chat/components/ChatTimeline/InteractionsList.js
File will not be validated. Consider running 'eslint --init' in the workspace folder clientapp_v2
Alternatively you can disable ESLint by executing the 'Disable ESLint' command.
[Warn  - 11:33:50 AM] 
No ESLint configuration (e.g .eslintrc) found for file: /home/cyb1ove/Projects/commdiva/clientapp_v2/src/containers/Chat/components/ChatTimeline/interactions/IncomingMessage.js
File will not be validated. Consider running 'eslint --init' in the workspace folder clientapp_v2
Alternatively you can disable ESLint by executing the 'Disable ESLint' command.
