Closed: file:///home/cyb1ove/Projects/commdiva/clientapp_v2/src/containers/Chat/components/ChatSources/ChatSources.scss
Closed: file:///home/cyb1ove/Projects/commdiva/clientapp_v2/src/containers/Chat/components/ChatSources/ChatSources.js
Closed: file:///home/cyb1ove/Projects/commdiva/clientapp_v2/src/containers/Chat/PublicChat/WebmasterList/WebmasterList.scss
Closed: file:///home/cyb1ove/Projects/commdiva/clientapp_v2/src/containers/Chat/PublicChat/OperatorsChat/OperatorsChat.js
Closed: file:///home/cyb1ove/Projects/commdiva/clientapp_v2/src/containers/Chat/PublicChat/OperatorsChat/OperatorsChat.scss
Closed: file:///home/cyb1ove/Projects/commdiva/clientapp_v2/src/containers/Chat/components/ChatSources/ChatSources.scss
Closed: file:///home/cyb1ove/Projects/commdiva/clientapp_v2/src/containers/Chat/PublicChat/GlossaryList/GlossaryList.js
Closed: file:///home/cyb1ove/Projects/commdiva/clientapp_v2/src/containers/Chat/ClientChat.js
Closed: file:///home/cyb1ove/Projects/commdiva/clientapp_v2/src/containers/Chat/Chat.js
Closed: file:///home/cyb1ove/Projects/commdiva/clientapp_v2/src/containers/Chat/components/ChatTimeline/ChatTimeline1.js
Closed: file:///home/cyb1ove/Projects/commdiva/clientapp_v2/src/containers/Chat/Chat.scss
Closed: file:///home/cyb1ove/Projects/commdiva/clientapp_v2/src/containers/Chat/components/ChatTimeline/ChatTimeline.scss
Closed: file:///home/cyb1ove/Projects/commdiva/clientapp_v2/src/containers/Chat/PublicChat/GlossaryList/GlossaryList.js
Closed: file:///home/cyb1ove/Projects/commdiva/clientapp_v2/src/containers/Chat/components/ChatTimeline/InteractionsList.js
Closed: file:///home/cyb1ove/Projects/commdiva/clientapp_v2/src/containers/Chat/components/ChatTimeline/InteractionsList.js
Closed: file:///home/cyb1ove/Projects/commdiva/clientapp_v2/src/containers/Chat/components/ChatTimeline/ChatTimeline.scss
Closed: file:///home/cyb1ove/Projects/commdiva/clientapp_v2/src/containers/Chat/components/ChatTimeline/interactions/WebmasterMessage.js
Closed: file:///home/cyb1ove/Projects/commdiva/clientapp_v2/src/containers/Chat/components/ChatTimeline/interactions/IncomingGirlsChatMessage.js
Closed: file:///home/cyb1ove/Projects/commdiva/clientapp_v2/src/containers/Chat/Chat.js
/home/cyb1ove/Projects/commdiva/clientapp_v2/src/containers/Chat/Chat.scss
/home/cyb1ove/Projects/commdiva/clientapp_v2/src/containers/Chat/Chat.scss
/home/cyb1ove/Projects/commdiva/clientapp_v2/src/containers/Chat/Chat.scss
/home/cyb1ove/Projects/commdiva/clientapp_v2/src/containers/Chat/Chat.scss
/home/cyb1ove/Projects/commdiva/clientapp_v2/src/containers/Chat/Chat.scss
/home/cyb1ove/Projects/commdiva/clientapp_v2/src/containers/Chat/Chat.scss
/home/cyb1ove/Projects/commdiva/clientapp_v2/src/containers/Chat/Chat.scss
/home/cyb1ove/Projects/commdiva/clientapp_v2/src/containers/Chat/Chat.scss
/home/cyb1ove/Projects/commdiva/clientapp_v2/src/containers/Chat/Chat.scss
/home/cyb1ove/Projects/commdiva/clientapp_v2/src/containers/Chat/Chat.scss
