[Info  - 6:43:27 PM] [language-server] Registering module | module: "auto-fix"
[Info  - 6:43:27 PM] [language-server] Module registered | module: "auto-fix"
[Info  - 6:43:27 PM] [language-server] Registering module | module: "code-action"
[Info  - 6:43:27 PM] [language-server] Module registered | module: "code-action"
[Info  - 6:43:28 PM] [language-server] Registering module | module: "completion"
[Info  - 6:43:28 PM] [language-server] Module registered | module: "completion"
[Info  - 6:43:28 PM] [language-server] Registering module | module: "formatter"
[Info  - 6:43:28 PM] [language-server] Module registered | module: "formatter"
[Info  - 6:43:28 PM] [language-server] Registering module | module: "old-stylelint-warning"
[Info  - 6:43:28 PM] [language-server] Module registered | module: "old-stylelint-warning"
[Info  - 6:43:28 PM] [language-server] Registering module | module: "validator"
[Info  - 6:43:28 PM] [language-server] Module registered | module: "validator"
[Info  - 6:43:28 PM] [language-server] Starting language server
[Info  - 6:43:28 PM] [language-server] Registering handlers
[Info  - 6:43:28 PM] [language-server] Handlers registered
[Info  - 6:43:28 PM] [language-server] Language server started
[Warn  - 6:43:29 PM] [language-server] Could not load Stylelint from node_modules | error: {"name":"Error","message":"Failed to resolve module: stylelint","stack":"Error: Failed to resolve module: stylelint\n    at ChildProcess.<anonymous> (/home/cyb1ove/.vscode/extensions/stylelint.vscode-stylelint-1.3.0/dist/start-server.js:33:57077)\n    at ChildProcess.emit (node:events:513:28)\n    at emit (node:internal/child_process:937:14)\n    at process.processTicksAndRejections (node:internal/process/task_queues:83:21)"}
[Warn  - 6:43:29 PM] [language-server] Failed to load Stylelint either globally or from the current workspace.
[Warn  - 6:43:29 PM] [language-server] Failed to resolve Stylelint | uri: "file:///home/cyb1ove/Projects/commdiva/clientapp_v2/src/containers/Chat/Chat.scss"
[Warn  - 6:43:29 PM] [language-server] Could not load Stylelint from node_modules | error: {"name":"Error","message":"Failed to resolve module: stylelint","stack":"Error: Failed to resolve module: stylelint\n    at ChildProcess.<anonymous> (/home/cyb1ove/.vscode/extensions/stylelint.vscode-stylelint-1.3.0/dist/start-server.js:33:57077)\n    at ChildProcess.emit (node:events:513:28)\n    at emit (node:internal/child_process:937:14)\n    at process.processTicksAndRejections (node:internal/process/task_queues:83:21)"}
[Warn  - 6:43:29 PM] [language-server] Failed to load Stylelint either globally or from the current workspace.
[Info  - 6:43:29 PM] [language-server] No Stylelint found with which to lint document | uri: "file:///home/cyb1ove/Projects/commdiva/clientapp_v2/src/containers/Chat/Chat.scss" options: {"codeAction":{"disableRuleComment":{"location":"separateLine"}},"config":null,"configFile":"","configBasedir":"","customSyntax":"","ignoreDisables":false,"packageManager":"npm","reportDescriptionlessDisables":false,"reportInvalidScopeDisables":false,"reportNeedlessDisables":false,"snippet":["css","less","postcss"],"stylelintPath":"","validate":["css","scss","less","postcss"]}
[Warn  - 6:43:29 PM] [language-server] Could not load Stylelint from node_modules | error: {"name":"Error","message":"Failed to resolve module: stylelint","stack":"Error: Failed to resolve module: stylelint\n    at ChildProcess.<anonymous> (/home/cyb1ove/.vscode/extensions/stylelint.vscode-stylelint-1.3.0/dist/start-server.js:33:57077)\n    at ChildProcess.emit (node:events:513:28)\n    at emit (node:internal/child_process:937:14)\n    at process.processTicksAndRejections (node:internal/process/task_queues:83:21)"}
[Warn  - 6:43:29 PM] [language-server] Failed to load Stylelint either globally or from the current workspace.
[Info  - 6:43:29 PM] [language-server] No Stylelint found with which to lint document | uri: "file:///home/cyb1ove/Projects/commdiva/clientapp_v2/src/containers/Chat/components/ChatSources/ChatSources.scss" options: {"codeAction":{"disableRuleComment":{"location":"separateLine"}},"config":null,"configFile":"","configBasedir":"","customSyntax":"","ignoreDisables":false,"packageManager":"npm","reportDescriptionlessDisables":false,"reportInvalidScopeDisables":false,"reportNeedlessDisables":false,"snippet":["css","less","postcss"],"stylelintPath":"","validate":["css","scss","less","postcss"]}
[Warn  - 6:43:29 PM] [language-server] Could not load Stylelint from node_modules | error: {"name":"Error","message":"Failed to resolve module: stylelint","stack":"Error: Failed to resolve module: stylelint\n    at ChildProcess.<anonymous> (/home/cyb1ove/.vscode/extensions/stylelint.vscode-stylelint-1.3.0/dist/start-server.js:33:57077)\n    at ChildProcess.emit (node:events:513:28)\n    at emit (node:internal/child_process:937:14)\n    at process.processTicksAndRejections (node:internal/process/task_queues:83:21)"}
[Warn  - 6:43:29 PM] [language-server] Failed to load Stylelint either globally or from the current workspace.
[Info  - 6:43:29 PM] [language-server] No Stylelint found with which to lint document | uri: "file:///home/cyb1ove/Projects/commdiva/clientapp_v2/src/containers/Chat/Chat.scss" options: {"codeAction":{"disableRuleComment":{"location":"separateLine"}},"config":null,"configFile":"","configBasedir":"","customSyntax":"","ignoreDisables":false,"packageManager":"npm","reportDescriptionlessDisables":false,"reportInvalidScopeDisables":false,"reportNeedlessDisables":false,"snippet":["css","less","postcss"],"stylelintPath":"","validate":["css","scss","less","postcss"]}
[Warn  - 6:43:29 PM] [language-server] Could not load Stylelint from node_modules | error: {"name":"Error","message":"Failed to resolve module: stylelint","stack":"Error: Failed to resolve module: stylelint\n    at ChildProcess.<anonymous> (/home/cyb1ove/.vscode/extensions/stylelint.vscode-stylelint-1.3.0/dist/start-server.js:33:57077)\n    at ChildProcess.emit (node:events:513:28)\n    at emit (node:internal/child_process:937:14)\n    at process.processTicksAndRejections (node:internal/process/task_queues:83:21)"}
[Warn  - 6:43:29 PM] [language-server] Failed to load Stylelint either globally or from the current workspace.
[Info  - 6:43:29 PM] [language-server] No Stylelint found with which to lint document | uri: "file:///home/cyb1ove/Projects/commdiva/clientapp_v2/src/containers/Chat/components/ChatSources/ChatSources.scss" options: {"codeAction":{"disableRuleComment":{"location":"separateLine"}},"config":null,"configFile":"","configBasedir":"","customSyntax":"","ignoreDisables":false,"packageManager":"npm","reportDescriptionlessDisables":false,"reportInvalidScopeDisables":false,"reportNeedlessDisables":false,"snippet":["css","less","postcss"],"stylelintPath":"","validate":["css","scss","less","postcss"]}
[Info  - 6:43:45 PM] [language-server] Stopping language server
