2024-01-17 19:37:36.338 [info] Using settings sync service https://vscode-sync.trafficmanager.net/
2024-01-17 19:37:36.338 [info] Auto Sync is enabled.
2024-01-17 19:37:36.338 [info] Auto Sync: Suspended until auth token is available.
2024-01-17 19:37:36.702 [info] Deleting non existing profile from backup /home/cyb1ove/.config/Code/User/sync/extensions
2024-01-17 19:37:36.705 [info] Deleting non existing profile from backup /home/cyb1ove/.config/Code/User/sync/globalState
2024-01-17 19:37:36.706 [info] Deleting non existing profile from backup /home/cyb1ove/.config/Code/User/sync/keybindings
2024-01-17 19:37:36.707 [info] Deleting non existing profile from backup /home/cyb1ove/.config/Code/User/sync/profiles
2024-01-17 19:37:36.708 [info] Deleting non existing profile from backup /home/cyb1ove/.config/Code/User/sync/settings
2024-01-17 19:37:36.709 [info] Deleting non existing profile from backup /home/cyb1ove/.config/Code/User/sync/snippets
2024-01-17 19:37:36.710 [info] Deleting non existing profile from backup /home/cyb1ove/.config/Code/User/sync/tasks
2024-01-17 19:37:39.860 [info] Auto Sync: Triggered by Interval
2024-01-17 19:37:39.861 [info] Sync started.
2024-01-17 19:37:40.332 [info] Settings: Last sync resource does not exist locally.
2024-01-17 19:37:40.472 [info] Settings: No changes found during synchronizing settings.
2024-01-17 19:37:40.474 [info] Keybindings: Last sync resource does not exist locally.
2024-01-17 19:37:40.800 [info] Keybindings: No changes found during synchronizing keybindings.
2024-01-17 19:37:40.803 [info] Snippets: Last sync resource does not exist locally.
2024-01-17 19:37:40.937 [info] Snippets: No changes found during synchronizing snippets.
2024-01-17 19:37:40.948 [info] Tasks: Last sync resource does not exist locally.
2024-01-17 19:37:41.037 [info] Tasks: No changes found during synchronizing tasks.
2024-01-17 19:37:41.042 [info] GlobalState: Last sync resource does not exist locally.
2024-01-17 19:37:41.796 [info] GlobalState: No changes found during synchronizing ui state.
2024-01-17 19:37:41.797 [info] Extensions: Last sync resource does not exist locally.
2024-01-17 19:37:42.048 [info] Extensions: No changes found during synchronizing extensions.
2024-01-17 19:37:42.049 [info] Profiles: Last sync resource does not exist locally.
2024-01-17 19:37:42.154 [info] Profiles: No changes found during synchronizing profiles.
2024-01-17 19:37:42.155 [info] Syncing profile. gwegw
2024-01-17 19:37:42.160 [info] Keybindings (gwegw): No changes found during synchronizing keybindings.
2024-01-17 19:37:42.185 [info] GlobalState (gwegw): No changes found during synchronizing ui state.
2024-01-17 19:37:42.186 [info] Syncing profile. test
2024-01-17 19:37:42.193 [info] Settings (test): No changes found during synchronizing settings.
2024-01-17 19:37:42.196 [info] Keybindings (test): No changes found during synchronizing keybindings.
2024-01-17 19:37:42.198 [info] Snippets (test): No changes found during synchronizing snippets.
2024-01-17 19:37:42.199 [info] Tasks (test): No changes found during synchronizing tasks.
2024-01-17 19:37:42.207 [info] GlobalState (test): No changes found during synchronizing ui state.
2024-01-17 19:37:42.240 [info] Extensions (test): No changes found during synchronizing extensions.
2024-01-17 19:37:42.241 [info] Sync done. Took 2381ms
2024-01-17 19:40:52.318 [info] Auto Sync: Triggered by Activity
2024-01-17 19:40:52.318 [info] Sync started.
2024-01-17 19:40:52.764 [info] Settings: No changes found during synchronizing settings.
2024-01-17 19:40:52.780 [info] Keybindings: No changes found during synchronizing keybindings.
2024-01-17 19:40:52.786 [info] Snippets: No changes found during synchronizing snippets.
2024-01-17 19:40:52.788 [info] Tasks: No changes found during synchronizing tasks.
2024-01-17 19:40:52.793 [info] GlobalState: No changes found during synchronizing ui state.
2024-01-17 19:40:52.900 [info] Extensions: No changes found during synchronizing extensions.
2024-01-17 19:40:52.901 [info] Profiles: No changes found during synchronizing profiles.
2024-01-17 19:40:52.902 [info] Syncing profile. gwegw
2024-01-17 19:40:52.903 [info] Keybindings (gwegw): No changes found during synchronizing keybindings.
2024-01-17 19:40:52.922 [info] GlobalState (gwegw): No changes found during synchronizing ui state.
2024-01-17 19:40:52.923 [info] Syncing profile. test
2024-01-17 19:40:52.925 [info] Settings (test): No changes found during synchronizing settings.
2024-01-17 19:40:52.929 [info] Keybindings (test): No changes found during synchronizing keybindings.
2024-01-17 19:40:52.931 [info] Snippets (test): No changes found during synchronizing snippets.
2024-01-17 19:40:52.933 [info] Tasks (test): No changes found during synchronizing tasks.
2024-01-17 19:40:52.936 [info] GlobalState (test): No changes found during synchronizing ui state.
2024-01-17 19:40:52.981 [info] Extensions (test): No changes found during synchronizing extensions.
2024-01-17 19:40:52.981 [info] Sync done. Took 665ms
2024-01-17 19:41:50.113 [info] Auto Sync: Triggered by Activity
2024-01-17 19:41:50.113 [info] Sync started.
2024-01-17 19:41:50.218 [info] Settings: No changes found during synchronizing settings.
2024-01-17 19:41:50.228 [info] Keybindings: No changes found during synchronizing keybindings.
2024-01-17 19:41:50.233 [info] Snippets: No changes found during synchronizing snippets.
2024-01-17 19:41:50.235 [info] Tasks: No changes found during synchronizing tasks.
2024-01-17 19:41:50.239 [info] GlobalState: No changes found during synchronizing ui state.
2024-01-17 19:41:50.329 [info] Extensions: No changes found during synchronizing extensions.
2024-01-17 19:41:50.330 [info] Profiles: No changes found during synchronizing profiles.
2024-01-17 19:41:50.331 [info] Syncing profile. gwegw
2024-01-17 19:41:50.332 [info] Keybindings (gwegw): No changes found during synchronizing keybindings.
2024-01-17 19:41:50.350 [info] GlobalState (gwegw): No changes found during synchronizing ui state.
2024-01-17 19:41:50.351 [info] Syncing profile. test
2024-01-17 19:41:50.352 [info] Settings (test): No changes found during synchronizing settings.
2024-01-17 19:41:50.354 [info] Keybindings (test): No changes found during synchronizing keybindings.
2024-01-17 19:41:50.355 [info] Snippets (test): No changes found during synchronizing snippets.
2024-01-17 19:41:50.357 [info] Tasks (test): No changes found during synchronizing tasks.
2024-01-17 19:41:50.361 [info] GlobalState (test): No changes found during synchronizing ui state.
2024-01-17 19:41:50.394 [info] Extensions (test): No changes found during synchronizing extensions.
2024-01-17 19:41:50.395 [info] Sync done. Took 283ms
