2024-01-17 19:00:00.947 [info] Using settings sync service https://vscode-sync.trafficmanager.net/
2024-01-17 19:00:00.947 [info] Auto Sync is enabled.
2024-01-17 19:00:00.947 [info] Auto Sync: Suspended until auth token is available.
2024-01-17 19:00:01.270 [info] Deleting non existing profile from backup /home/cyb1ove/.config/Code/User/sync/extensions
2024-01-17 19:00:01.272 [info] Deleting non existing profile from backup /home/cyb1ove/.config/Code/User/sync/globalState
2024-01-17 19:00:01.273 [info] Deleting non existing profile from backup /home/cyb1ove/.config/Code/User/sync/keybindings
2024-01-17 19:00:01.274 [info] Deleting non existing profile from backup /home/cyb1ove/.config/Code/User/sync/profiles
2024-01-17 19:00:01.275 [info] Deleting non existing profile from backup /home/cyb1ove/.config/Code/User/sync/settings
2024-01-17 19:00:01.275 [info] Deleting non existing profile from backup /home/cyb1ove/.config/Code/User/sync/snippets
2024-01-17 19:00:01.276 [info] Deleting non existing profile from backup /home/cyb1ove/.config/Code/User/sync/tasks
2024-01-17 19:00:03.019 [info] Auto Sync: Triggered by Interval
2024-01-17 19:00:03.019 [info] Sync started.
2024-01-17 19:00:03.517 [info] Settings: Last sync resource does not exist locally.
2024-01-17 19:00:03.649 [info] Settings: No changes found during synchronizing settings.
2024-01-17 19:00:03.651 [info] Keybindings: Last sync resource does not exist locally.
2024-01-17 19:00:04.132 [info] Keybindings: No changes found during synchronizing keybindings.
2024-01-17 19:00:04.133 [info] Snippets: Last sync resource does not exist locally.
2024-01-17 19:00:04.227 [info] Snippets: No changes found during synchronizing snippets.
2024-01-17 19:00:04.228 [info] Tasks: Last sync resource does not exist locally.
2024-01-17 19:00:04.310 [info] Tasks: No changes found during synchronizing tasks.
2024-01-17 19:00:04.311 [info] GlobalState: Last sync resource does not exist locally.
2024-01-17 19:00:04.504 [info] GlobalState: No changes found during synchronizing ui state.
2024-01-17 19:00:04.505 [info] Extensions: Last sync resource does not exist locally.
2024-01-17 19:00:04.702 [info] Extensions: No changes found during synchronizing extensions.
2024-01-17 19:00:04.703 [info] Profiles: Last sync resource does not exist locally.
2024-01-17 19:00:04.799 [info] Profiles: No changes found during synchronizing profiles.
2024-01-17 19:00:04.801 [info] Syncing profile. gwegw
2024-01-17 19:00:04.806 [info] Keybindings (gwegw): No changes found during synchronizing keybindings.
2024-01-17 19:00:04.842 [info] GlobalState (gwegw): No changes found during synchronizing ui state.
2024-01-17 19:00:04.844 [info] Syncing profile. test
2024-01-17 19:00:04.862 [info] Settings (test): No changes found during synchronizing settings.
2024-01-17 19:00:04.873 [info] Keybindings (test): No changes found during synchronizing keybindings.
2024-01-17 19:00:04.874 [info] Snippets (test): No changes found during synchronizing snippets.
2024-01-17 19:00:04.876 [info] Tasks (test): No changes found during synchronizing tasks.
2024-01-17 19:00:04.884 [info] GlobalState (test): No changes found during synchronizing ui state.
2024-01-17 19:00:04.930 [info] Extensions (test): No changes found during synchronizing extensions.
2024-01-17 19:00:04.932 [info] Sync done. Took 1914ms
