2024-01-17 19:42:51.869 [error] Unable to find /path/to/im-select. Check your 'vim.autoSwitchInputMethod.obtainIMCmd' in VSCode setting.
2024-01-17 19:42:51.869 [error] vim.autoSwitchInputMethod.defaultIM is empty.
2024-01-17 19:42:52.090 [info] /home/cyb1ove/.config/Code/User/settings.json closed
2024-01-17 19:42:52.424 [info] /home/cyb1ove/.config/Code/User/settings.json closed
2024-01-17 19:42:52.749 [info] /home/cyb1ove/.config/Code/User/keybindings.json closed
2024-01-18 10:45:12.191 [info] Active editor: file:///home/cyb1ove/Projects/commdiva/clientapp_v2/src/containers/Chat/components/ChatTimeline/interactions/IncomingGirlsChatMessage.js
2024-01-18 10:45:14.860 [info] Active editor: file:///home/cyb1ove/Projects/commdiva/clientapp_v2/src/containers/Chat/components/ChatSources/ChatSources.scss
2024-01-18 10:45:15.237 [info] /home/cyb1ove/Projects/commdiva/clientapp_v2/src/containers/Chat/components/ChatSources/ChatSources.scss closed
2024-01-18 10:45:15.250 [info] Active editor: file:///home/cyb1ove/Projects/commdiva/clientapp_v2/src/containers/Chat/components/ChatTimeline/interactions/IncomingGirlsChatMessage.js
2024-01-18 10:45:15.548 [info] Active editor: file:///home/cyb1ove/Projects/commdiva/clientapp_v2/src/containers/Chat/components/ChatSources/ChatSources.js
2024-01-18 10:45:15.768 [info] /home/cyb1ove/Projects/commdiva/clientapp_v2/src/containers/Chat/components/ChatSources/ChatSources.js closed
2024-01-18 10:45:15.777 [info] Active editor: file:///home/cyb1ove/Projects/commdiva/clientapp_v2/src/containers/Chat/components/ChatTimeline/interactions/IncomingGirlsChatMessage.js
2024-01-18 10:45:16.167 [info] Active editor: file:///home/cyb1ove/Projects/commdiva/clientapp_v2/src/containers/Chat/PublicChat/WebmasterList/WebmasterList.scss
2024-01-18 10:45:16.420 [info] /home/cyb1ove/Projects/commdiva/clientapp_v2/src/containers/Chat/PublicChat/WebmasterList/WebmasterList.scss closed
2024-01-18 10:45:16.426 [info] Active editor: file:///home/cyb1ove/Projects/commdiva/clientapp_v2/src/containers/Chat/components/ChatTimeline/interactions/IncomingGirlsChatMessage.js
2024-01-18 10:45:16.723 [info] Active editor: file:///home/cyb1ove/Projects/commdiva/clientapp_v2/src/containers/Chat/PublicChat/OperatorsChat/OperatorsChat.js
2024-01-18 10:45:16.959 [info] /home/cyb1ove/Projects/commdiva/clientapp_v2/src/containers/Chat/PublicChat/OperatorsChat/OperatorsChat.js closed
2024-01-18 10:45:16.969 [info] Active editor: file:///home/cyb1ove/Projects/commdiva/clientapp_v2/src/containers/Chat/components/ChatTimeline/interactions/IncomingGirlsChatMessage.js
2024-01-18 10:45:17.244 [info] Active editor: file:///home/cyb1ove/Projects/commdiva/clientapp_v2/src/containers/Chat/PublicChat/OperatorsChat/OperatorsChat.scss
2024-01-18 10:45:17.489 [info] /home/cyb1ove/Projects/commdiva/clientapp_v2/src/containers/Chat/PublicChat/OperatorsChat/OperatorsChat.scss closed
2024-01-18 10:45:17.500 [info] Active editor: file:///home/cyb1ove/Projects/commdiva/clientapp_v2/src/containers/Chat/components/ChatTimeline/interactions/IncomingGirlsChatMessage.js
2024-01-18 10:48:15.925 [info] /home/cyb1ove/Projects/commdiva/clientapp_v2/src/containers/Chat/components/ChatSources/ChatSources.scss closed
2024-01-18 10:51:20.746 [info] Active editor: file:///home/cyb1ove/Projects/commdiva/clientapp_v2/src/containers/Chat/components/ChatTimeline/ChatTimeline.scss
2024-01-18 10:51:30.182 [info] /home/cyb1ove/.config/Code/User/settings.json closed
2024-01-18 10:51:30.254 [info] Configuration changed
2024-01-18 10:51:30.338 [error] Unable to find /path/to/im-select. Check your 'vim.autoSwitchInputMethod.obtainIMCmd' in VSCode setting.
2024-01-18 10:51:30.338 [error] vim.autoSwitchInputMethod.defaultIM is empty.
2024-01-18 11:02:03.480 [info] Active editor: file:///home/cyb1ove/Projects/commdiva/clientapp_v2/src/containers/Chat/PublicChat/GlossaryList/GlossaryList.js
2024-01-18 11:02:03.841 [info] /home/cyb1ove/.config/Code/User/settings.json closed
2024-01-18 11:02:03.912 [info] Configuration changed
2024-01-18 11:02:04.013 [info] Active editor: file:///home/cyb1ove/Projects/commdiva/clientapp_v2/src/containers/Chat/components/ChatTimeline/ChatTimeline.scss
2024-01-18 11:02:04.069 [error] Unable to find /path/to/im-select. Check your 'vim.autoSwitchInputMethod.obtainIMCmd' in VSCode setting.
2024-01-18 11:02:04.069 [error] vim.autoSwitchInputMethod.defaultIM is empty.
2024-01-18 11:02:04.226 [info] /home/cyb1ove/.config/Code/User/settings.json closed
2024-01-18 11:02:04.271 [info] Configuration changed
2024-01-18 11:02:04.351 [error] Unable to find /path/to/im-select. Check your 'vim.autoSwitchInputMethod.obtainIMCmd' in VSCode setting.
2024-01-18 11:02:04.351 [error] vim.autoSwitchInputMethod.defaultIM is empty.
2024-01-18 11:02:04.515 [info] Active editor: file:///home/cyb1ove/Projects/commdiva/clientapp_v2/src/containers/Chat/PublicChat/GlossaryList/GlossaryList.js
2024-01-18 11:02:04.637 [info] /home/cyb1ove/.config/Code/User/settings.json closed
2024-01-18 11:02:04.674 [info] Configuration changed
2024-01-18 11:02:04.751 [error] Unable to find /path/to/im-select. Check your 'vim.autoSwitchInputMethod.obtainIMCmd' in VSCode setting.
2024-01-18 11:02:04.751 [error] vim.autoSwitchInputMethod.defaultIM is empty.
2024-01-18 11:02:04.915 [info] Active editor: file:///home/cyb1ove/Projects/commdiva/clientapp_v2/src/containers/Chat/ClientChat.js
2024-01-18 11:02:05.239 [info] Active editor: file:///home/cyb1ove/Projects/commdiva/clientapp_v2/src/containers/Chat/Chat.js
2024-01-18 11:02:05.887 [info] Active editor: file:///home/cyb1ove/Projects/commdiva/clientapp_v2/src/containers/Chat/ClientChat.js
2024-01-18 11:02:06.059 [info] Active editor: file:///home/cyb1ove/Projects/commdiva/clientapp_v2/src/containers/Chat/PublicChat/GlossaryList/GlossaryList.js
2024-01-18 11:02:06.424 [info] Active editor: file:///home/cyb1ove/Projects/commdiva/clientapp_v2/src/containers/Chat/ClientChat.js
2024-01-18 11:02:06.613 [info] Active editor: file:///home/cyb1ove/Projects/commdiva/clientapp_v2/src/containers/Chat/Chat.js
2024-01-18 11:02:06.795 [info] Active editor: file:///home/cyb1ove/Projects/commdiva/clientapp_v2/src/containers/Chat/components/ChatTimeline/ChatTimeline1.js
2024-01-18 11:02:07.099 [info] Active editor: file:///home/cyb1ove/Projects/commdiva/clientapp_v2/src/containers/Chat/Chat.js
2024-01-18 11:02:07.277 [info] Active editor: file:///home/cyb1ove/Projects/commdiva/clientapp_v2/src/containers/Chat/ClientChat.js
2024-01-18 11:02:07.535 [info] Active editor: file:///home/cyb1ove/Projects/commdiva/clientapp_v2/src/containers/Chat/PublicChat/GlossaryList/GlossaryList.js
2024-01-18 11:02:07.863 [info] /home/cyb1ove/Projects/commdiva/clientapp_v2/src/containers/Chat/PublicChat/GlossaryList/GlossaryList.js closed
2024-01-18 11:02:07.874 [info] Active editor: file:///home/cyb1ove/Projects/commdiva/clientapp_v2/src/containers/Chat/ClientChat.js
2024-01-18 11:02:08.066 [info] /home/cyb1ove/Projects/commdiva/clientapp_v2/src/containers/Chat/ClientChat.js closed
2024-01-18 11:02:08.073 [info] Active editor: file:///home/cyb1ove/Projects/commdiva/clientapp_v2/src/containers/Chat/Chat.js
2024-01-18 11:02:08.196 [info] /home/cyb1ove/Projects/commdiva/clientapp_v2/src/containers/Chat/Chat.js closed
2024-01-18 11:02:08.202 [info] Active editor: file:///home/cyb1ove/Projects/commdiva/clientapp_v2/src/containers/Chat/components/ChatTimeline/ChatTimeline1.js
2024-01-18 11:02:08.372 [info] /home/cyb1ove/Projects/commdiva/clientapp_v2/src/containers/Chat/components/ChatTimeline/ChatTimeline1.js closed
2024-01-18 11:02:08.377 [info] Active editor: file:///home/cyb1ove/Projects/commdiva/clientapp_v2/src/containers/Chat/Chat.scss
2024-01-18 11:02:08.558 [info] Active editor: file:///home/cyb1ove/Projects/commdiva/clientapp_v2/src/containers/Chat/components/ChatTimeline/ChatTimeline.scss
2024-01-18 11:02:08.626 [info] /home/cyb1ove/Projects/commdiva/clientapp_v2/src/containers/Chat/Chat.scss closed
2024-01-18 11:02:08.763 [info] /home/cyb1ove/.config/Code/User/settings.json closed
2024-01-18 11:02:08.811 [info] Configuration changed
2024-01-18 11:02:08.852 [error] Unable to find /path/to/im-select. Check your 'vim.autoSwitchInputMethod.obtainIMCmd' in VSCode setting.
2024-01-18 11:02:08.852 [error] vim.autoSwitchInputMethod.defaultIM is empty.
2024-01-18 11:02:09.502 [info] Active editor: file:///home/cyb1ove/Projects/commdiva/clientapp_v2/src/containers/Chat/components/ChatTimeline/interactions/IncomingGirlsChatMessage.js
2024-01-18 11:02:09.686 [info] /home/cyb1ove/.config/Code/User/settings.json closed
2024-01-18 11:02:09.730 [info] Configuration changed
2024-01-18 11:02:09.773 [error] Unable to find /path/to/im-select. Check your 'vim.autoSwitchInputMethod.obtainIMCmd' in VSCode setting.
2024-01-18 11:02:09.773 [error] vim.autoSwitchInputMethod.defaultIM is empty.
2024-01-18 11:02:09.880 [info] Active editor: file:///home/cyb1ove/Projects/commdiva/clientapp_v2/src/containers/Chat/components/ChatTimeline/ChatTimeline.scss
2024-01-18 11:02:10.049 [info] /home/cyb1ove/.config/Code/User/settings.json closed
2024-01-18 11:02:10.093 [info] Configuration changed
2024-01-18 11:02:10.132 [error] Unable to find /path/to/im-select. Check your 'vim.autoSwitchInputMethod.obtainIMCmd' in VSCode setting.
2024-01-18 11:02:10.132 [error] vim.autoSwitchInputMethod.defaultIM is empty.
2024-01-18 11:02:11.390 [info] Active editor: file:///home/cyb1ove/Projects/commdiva/clientapp_v2/src/containers/Chat/components/ChatTimeline/interactions/IncomingGirlsChatMessage.js
2024-01-18 11:02:11.527 [info] /home/cyb1ove/.config/Code/User/settings.json closed
2024-01-18 11:02:11.566 [info] Configuration changed
2024-01-18 11:02:11.613 [error] Unable to find /path/to/im-select. Check your 'vim.autoSwitchInputMethod.obtainIMCmd' in VSCode setting.
2024-01-18 11:02:11.613 [error] vim.autoSwitchInputMethod.defaultIM is empty.
2024-01-18 11:02:12.037 [info] Active editor: file:///home/cyb1ove/Projects/commdiva/clientapp_v2/src/containers/Chat/components/ChatTimeline/ChatTimeline.scss
2024-01-18 11:02:12.186 [info] /home/cyb1ove/.config/Code/User/settings.json closed
2024-01-18 11:02:12.231 [info] Configuration changed
2024-01-18 11:02:12.275 [error] Unable to find /path/to/im-select. Check your 'vim.autoSwitchInputMethod.obtainIMCmd' in VSCode setting.
2024-01-18 11:02:12.275 [error] vim.autoSwitchInputMethod.defaultIM is empty.
2024-01-18 11:02:13.839 [info] /home/cyb1ove/Projects/commdiva/clientapp_v2/src/containers/Chat/components/ChatTimeline/ChatTimeline.scss closed
2024-01-18 11:02:13.852 [info] Active editor: file:///home/cyb1ove/Projects/commdiva/clientapp_v2/src/containers/Chat/components/ChatTimeline/interactions/IncomingGirlsChatMessage.js
2024-01-18 11:02:13.994 [info] /home/cyb1ove/.config/Code/User/settings.json closed
2024-01-18 11:02:14.045 [info] Configuration changed
2024-01-18 11:02:14.092 [error] Unable to find /path/to/im-select. Check your 'vim.autoSwitchInputMethod.obtainIMCmd' in VSCode setting.
2024-01-18 11:02:14.092 [error] vim.autoSwitchInputMethod.defaultIM is empty.
2024-01-18 11:02:20.834 [info] Active editor: file:///home/cyb1ove/Projects/commdiva/clientapp_v2/src/containers/Chat/components/ChatTimeline/interactions/WebmasterMessage.js
2024-01-18 11:05:08.487 [info] /home/cyb1ove/Projects/commdiva/clientapp_v2/src/containers/Chat/PublicChat/GlossaryList/GlossaryList.js closed
2024-01-18 11:06:13.327 [info] Active editor: file:///home/cyb1ove/Projects/commdiva/clientapp_v2/src/containers/Chat/components/ChatTimeline/InteractionsList.js
2024-01-18 11:06:15.629 [info] Active editor: file:///home/cyb1ove/Projects/commdiva/clientapp_v2/src/containers/Chat/components/ChatTimeline/ChatTimeline.scss
2024-01-18 11:06:16.647 [info] Active editor: file:///home/cyb1ove/Projects/commdiva/clientapp_v2/src/containers/Chat/components/ChatTimeline/InteractionsList.js
2024-01-18 11:06:17.062 [info] /home/cyb1ove/Projects/commdiva/clientapp_v2/src/containers/Chat/components/ChatTimeline/InteractionsList.js closed
2024-01-18 11:06:17.068 [info] Active editor: file:///home/cyb1ove/Projects/commdiva/clientapp_v2/src/containers/Chat/components/ChatTimeline/ChatTimeline.scss
2024-01-18 11:06:28.279 [info] Active editor: file:///home/cyb1ove/Projects/commdiva/clientapp_v2/src/containers/Chat/components/ChatTimeline/interactions/WebmasterMessage.js
2024-01-18 11:07:08.856 [info] /home/cyb1ove/.config/Code/User/settings.json closed
2024-01-18 11:07:08.901 [info] Configuration changed
2024-01-18 11:07:08.973 [error] Unable to find /path/to/im-select. Check your 'vim.autoSwitchInputMethod.obtainIMCmd' in VSCode setting.
2024-01-18 11:07:08.973 [error] vim.autoSwitchInputMethod.defaultIM is empty.
2024-01-18 11:07:11.720 [info] Searching for completed-item
2024-01-18 11:08:00.954 [info] /home/cyb1ove/.config/Code/User/settings.json closed
2024-01-18 11:08:00.994 [info] Configuration changed
2024-01-18 11:08:01.077 [error] Unable to find /path/to/im-select. Check your 'vim.autoSwitchInputMethod.obtainIMCmd' in VSCode setting.
2024-01-18 11:08:01.078 [error] vim.autoSwitchInputMethod.defaultIM is empty.
2024-01-18 11:08:04.940 [info] /home/cyb1ove/.config/Code/User/settings.json closed
2024-01-18 11:08:04.979 [info] Configuration changed
2024-01-18 11:08:05.040 [error] Unable to find /path/to/im-select. Check your 'vim.autoSwitchInputMethod.obtainIMCmd' in VSCode setting.
2024-01-18 11:08:05.040 [error] vim.autoSwitchInputMethod.defaultIM is empty.
2024-01-18 11:08:11.427 [info] /home/cyb1ove/.config/Code/User/settings.json closed
2024-01-18 11:08:11.476 [info] Configuration changed
2024-01-18 11:08:11.540 [error] Unable to find /path/to/im-select. Check your 'vim.autoSwitchInputMethod.obtainIMCmd' in VSCode setting.
2024-01-18 11:08:11.540 [error] vim.autoSwitchInputMethod.defaultIM is empty.
2024-01-18 11:08:13.165 [info] /home/cyb1ove/.config/Code/User/settings.json closed
2024-01-18 11:08:13.217 [info] Configuration changed
2024-01-18 11:08:13.330 [error] Unable to find /path/to/im-select. Check your 'vim.autoSwitchInputMethod.obtainIMCmd' in VSCode setting.
2024-01-18 11:08:13.330 [error] vim.autoSwitchInputMethod.defaultIM is empty.
2024-01-18 11:08:13.835 [info] /home/cyb1ove/.config/Code/User/settings.json closed
2024-01-18 11:08:13.884 [info] Configuration changed
2024-01-18 11:08:14.014 [error] Unable to find /path/to/im-select. Check your 'vim.autoSwitchInputMethod.obtainIMCmd' in VSCode setting.
2024-01-18 11:08:14.014 [error] vim.autoSwitchInputMethod.defaultIM is empty.
2024-01-18 11:08:18.276 [info] /home/cyb1ove/.config/Code/User/settings.json closed
2024-01-18 11:08:18.313 [info] Configuration changed
2024-01-18 11:08:18.382 [error] Unable to find /path/to/im-select. Check your 'vim.autoSwitchInputMethod.obtainIMCmd' in VSCode setting.
2024-01-18 11:08:18.382 [error] vim.autoSwitchInputMethod.defaultIM is empty.
2024-01-18 11:08:19.902 [info] /home/cyb1ove/.config/Code/User/settings.json closed
2024-01-18 11:08:19.940 [info] Configuration changed
2024-01-18 11:08:20.009 [error] Unable to find /path/to/im-select. Check your 'vim.autoSwitchInputMethod.obtainIMCmd' in VSCode setting.
2024-01-18 11:08:20.009 [error] vim.autoSwitchInputMethod.defaultIM is empty.
2024-01-18 11:08:25.490 [info] /home/cyb1ove/.config/Code/User/settings.json closed
2024-01-18 11:08:25.542 [info] Configuration changed
2024-01-18 11:08:25.687 [error] Unable to find /path/to/im-select. Check your 'vim.autoSwitchInputMethod.obtainIMCmd' in VSCode setting.
2024-01-18 11:08:25.687 [error] vim.autoSwitchInputMethod.defaultIM is empty.
2024-01-18 11:09:17.460 [info] /home/cyb1ove/Projects/commdiva/clientapp_v2/src/containers/Chat/components/ChatTimeline/InteractionsList.js closed
2024-01-18 11:09:46.475 [info] Active editor: file:///home/cyb1ove/Projects/commdiva/clientapp_v2/src/containers/Chat/components/ChatTimeline/ChatTimeline.scss
2024-01-18 11:09:47.813 [info] Active editor: file:///home/cyb1ove/Projects/commdiva/clientapp_v2/src/containers/Chat/components/ChatTimeline/interactions/WebmasterMessage.js
2024-01-18 11:09:49.801 [info] Active editor: file:///home/cyb1ove/Projects/commdiva/clientapp_v2/src/containers/Chat/components/ChatTimeline/ChatTimeline.scss
2024-01-18 11:09:50.136 [info] /home/cyb1ove/.config/Code/User/settings.json closed
2024-01-18 11:09:50.175 [info] Configuration changed
2024-01-18 11:09:50.218 [error] Unable to find /path/to/im-select. Check your 'vim.autoSwitchInputMethod.obtainIMCmd' in VSCode setting.
2024-01-18 11:09:50.218 [error] vim.autoSwitchInputMethod.defaultIM is empty.
2024-01-18 11:09:53.048 [info] Searching for checkbox-conta
2024-01-18 11:09:57.525 [info] Active editor: file:///home/cyb1ove/Projects/commdiva/clientapp_v2/src/containers/Chat/components/ChatTimeline/interactions/WebmasterMessage.js
2024-01-18 11:09:57.793 [info] /home/cyb1ove/.config/Code/User/settings.json closed
2024-01-18 11:09:57.832 [info] Configuration changed
2024-01-18 11:09:57.896 [error] Unable to find /path/to/im-select. Check your 'vim.autoSwitchInputMethod.obtainIMCmd' in VSCode setting.
2024-01-18 11:09:57.896 [error] vim.autoSwitchInputMethod.defaultIM is empty.
2024-01-18 11:09:59.950 [info] Active editor: file:///home/cyb1ove/Projects/commdiva/clientapp_v2/src/containers/Chat/components/ChatTimeline/ChatTimeline.scss
2024-01-18 11:10:11.613 [info] Active editor: file:///home/cyb1ove/Projects/commdiva/clientapp_v2/src/containers/Chat/components/ChatTimeline/interactions/WebmasterMessage.js
2024-01-18 11:10:16.344 [info] Active editor: file:///home/cyb1ove/Projects/commdiva/clientapp_v2/src/containers/Chat/components/ChatTimeline/ChatTimeline.scss
2024-01-18 11:10:18.366 [info] Active editor: file:///home/cyb1ove/Projects/commdiva/clientapp_v2/src/containers/Chat/components/ChatTimeline/interactions/WebmasterMessage.js
2024-01-18 11:10:18.981 [info] Active editor: file:///home/cyb1ove/Projects/commdiva/clientapp_v2/src/containers/Chat/components/ChatTimeline/ChatTimeline.scss
2024-01-18 11:10:21.963 [info] Active editor: file:///home/cyb1ove/Projects/commdiva/clientapp_v2/src/containers/Chat/components/ChatTimeline/interactions/WebmasterMessage.js
2024-01-18 11:10:36.281 [info] Active editor: file:///home/cyb1ove/Projects/commdiva/clientapp_v2/src/containers/Chat/components/ChatTimeline/interactions/IncomingGirlsChatMessage.js
2024-01-18 11:10:36.679 [info] Active editor: file:///home/cyb1ove/Projects/commdiva/clientapp_v2/src/containers/Chat/components/ChatTimeline/interactions/WebmasterMessage.js
2024-01-18 11:10:37.322 [info] Active editor: file:///home/cyb1ove/Projects/commdiva/clientapp_v2/src/containers/Chat/components/ChatTimeline/ChatTimeline.scss
2024-01-18 11:10:37.713 [info] Active editor: file:///home/cyb1ove/Projects/commdiva/clientapp_v2/src/containers/Chat/components/ChatTimeline/interactions/WebmasterMessage.js
2024-01-18 11:13:11.057 [info] /home/cyb1ove/.config/Code/User/settings.json closed
2024-01-18 11:13:11.107 [info] Configuration changed
2024-01-18 11:13:11.160 [error] Unable to find /path/to/im-select. Check your 'vim.autoSwitchInputMethod.obtainIMCmd' in VSCode setting.
2024-01-18 11:13:11.160 [error] vim.autoSwitchInputMethod.defaultIM is empty.
2024-01-18 11:13:20.634 [info] /home/cyb1ove/.config/Code/User/settings.json closed
2024-01-18 11:13:20.699 [info] Configuration changed
2024-01-18 11:13:20.773 [error] Unable to find /path/to/im-select. Check your 'vim.autoSwitchInputMethod.obtainIMCmd' in VSCode setting.
2024-01-18 11:13:20.773 [error] vim.autoSwitchInputMethod.defaultIM is empty.
2024-01-18 11:13:28.542 [info] Active editor: file:///home/cyb1ove/Projects/commdiva/clientapp_v2/src/containers/Chat/components/ChatTimeline/ChatTimeline.scss
2024-01-18 11:13:29.889 [info] Active editor: file:///home/cyb1ove/Projects/commdiva/clientapp_v2/src/containers/Chat/components/ChatTimeline/interactions/WebmasterMessage.js
2024-01-18 11:13:30.141 [info] Active editor: file:///home/cyb1ove/Projects/commdiva/clientapp_v2/src/containers/Chat/components/ChatTimeline/ChatTimeline.scss
2024-01-18 11:13:30.698 [info] Active editor: file:///home/cyb1ove/Projects/commdiva/clientapp_v2/src/containers/Chat/components/ChatTimeline/interactions/WebmasterMessage.js
2024-01-18 11:13:31.244 [info] Active editor: file:///home/cyb1ove/Projects/commdiva/clientapp_v2/src/containers/Chat/components/ChatTimeline/ChatTimeline.scss
2024-01-18 11:13:31.620 [info] /home/cyb1ove/.config/Code/User/settings.json closed
2024-01-18 11:13:31.659 [info] Configuration changed
2024-01-18 11:13:31.694 [error] Unable to find /path/to/im-select. Check your 'vim.autoSwitchInputMethod.obtainIMCmd' in VSCode setting.
2024-01-18 11:13:31.694 [error] vim.autoSwitchInputMethod.defaultIM is empty.
2024-01-18 11:13:35.259 [info] Searching for completed-item
2024-01-18 11:13:36.233 [info] Active editor: file:///home/cyb1ove/Projects/commdiva/clientapp_v2/src/containers/Chat/components/ChatTimeline/interactions/WebmasterMessage.js
2024-01-18 11:13:36.445 [info] /home/cyb1ove/.config/Code/User/settings.json closed
2024-01-18 11:13:36.485 [info] Configuration changed
2024-01-18 11:13:36.550 [error] Unable to find /path/to/im-select. Check your 'vim.autoSwitchInputMethod.obtainIMCmd' in VSCode setting.
2024-01-18 11:13:36.550 [error] vim.autoSwitchInputMethod.defaultIM is empty.
2024-01-18 11:13:37.118 [info] Active editor: file:///home/cyb1ove/Projects/commdiva/clientapp_v2/src/containers/Chat/components/ChatTimeline/ChatTimeline.scss
2024-01-18 11:13:39.405 [info] Active editor: file:///home/cyb1ove/Projects/commdiva/clientapp_v2/src/containers/Chat/components/ChatTimeline/interactions/WebmasterMessage.js
2024-01-18 11:13:44.043 [info] Active editor: file:///home/cyb1ove/Projects/commdiva/clientapp_v2/src/containers/Chat/components/ChatTimeline/interactions/IncomingGirlsChatMessage.js
2024-01-18 11:13:44.349 [info] Active editor: file:///home/cyb1ove/Projects/commdiva/clientapp_v2/src/containers/Chat/components/ChatTimeline/interactions/WebmasterMessage.js
2024-01-18 11:13:44.558 [info] Active editor: file:///home/cyb1ove/Projects/commdiva/clientapp_v2/src/containers/Chat/components/ChatTimeline/ChatTimeline.scss
2024-01-18 11:13:45.119 [info] Active editor: file:///home/cyb1ove/Projects/commdiva/clientapp_v2/src/containers/Chat/components/ChatTimeline/interactions/WebmasterMessage.js
2024-01-18 11:14:04.115 [info] Active editor: file:///home/cyb1ove/Projects/commdiva/clientapp_v2/src/containers/Chat/components/ChatTimeline/interactions/IncomingGirlsChatMessage.js
2024-01-18 11:14:04.420 [info] Active editor: file:///home/cyb1ove/Projects/commdiva/clientapp_v2/src/containers/Chat/components/ChatTimeline/interactions/WebmasterMessage.js
2024-01-18 11:14:04.634 [info] Active editor: file:///home/cyb1ove/Projects/commdiva/clientapp_v2/src/containers/Chat/components/ChatTimeline/ChatTimeline.scss
2024-01-18 11:14:05.302 [info] Active editor: file:///home/cyb1ove/Projects/commdiva/clientapp_v2/src/containers/Chat/components/ChatTimeline/interactions/WebmasterMessage.js
2024-01-18 11:14:26.556 [info] Active editor: file:///home/cyb1ove/Projects/commdiva/clientapp_v2/src/containers/Chat/components/ChatTimeline/ChatTimeline.scss
2024-01-18 11:14:44.308 [info] /home/cyb1ove/.config/Code/User/settings.json closed
2024-01-18 11:14:44.357 [info] Configuration changed
2024-01-18 11:14:44.389 [error] Unable to find /path/to/im-select. Check your 'vim.autoSwitchInputMethod.obtainIMCmd' in VSCode setting.
2024-01-18 11:14:44.389 [error] vim.autoSwitchInputMethod.defaultIM is empty.
2024-01-18 11:15:07.459 [info] /home/cyb1ove/.config/Code/User/settings.json closed
2024-01-18 11:15:07.509 [info] Configuration changed
2024-01-18 11:15:07.556 [error] Unable to find /path/to/im-select. Check your 'vim.autoSwitchInputMethod.obtainIMCmd' in VSCode setting.
2024-01-18 11:15:07.556 [error] vim.autoSwitchInputMethod.defaultIM is empty.
2024-01-18 11:15:15.578 [info] /home/cyb1ove/.config/Code/User/settings.json closed
2024-01-18 11:15:15.622 [info] Configuration changed
2024-01-18 11:15:15.668 [error] Unable to find /path/to/im-select. Check your 'vim.autoSwitchInputMethod.obtainIMCmd' in VSCode setting.
2024-01-18 11:15:15.668 [error] vim.autoSwitchInputMethod.defaultIM is empty.
2024-01-18 11:15:16.121 [info] /home/cyb1ove/.config/Code/User/settings.json closed
2024-01-18 11:15:16.160 [info] Configuration changed
2024-01-18 11:15:16.196 [error] Unable to find /path/to/im-select. Check your 'vim.autoSwitchInputMethod.obtainIMCmd' in VSCode setting.
2024-01-18 11:15:16.196 [error] vim.autoSwitchInputMethod.defaultIM is empty.
2024-01-18 11:15:23.539 [info] Active editor: file:///home/cyb1ove/Projects/commdiva/clientapp_v2/src/containers/Chat/components/ChatTimeline/interactions/WebmasterMessage.js
2024-01-18 11:15:25.682 [info] Active editor: file:///home/cyb1ove/Projects/commdiva/clientapp_v2/src/containers/Chat/components/ChatTimeline/ChatTimeline.scss
2024-01-18 11:17:14.181 [info] /home/cyb1ove/.config/Code/User/settings.json closed
2024-01-18 11:17:14.221 [info] Configuration changed
2024-01-18 11:17:14.288 [error] Unable to find /path/to/im-select. Check your 'vim.autoSwitchInputMethod.obtainIMCmd' in VSCode setting.
2024-01-18 11:17:14.288 [error] vim.autoSwitchInputMethod.defaultIM is empty.
2024-01-18 11:17:15.559 [info] /home/cyb1ove/.config/Code/User/settings.json closed
2024-01-18 11:17:15.613 [info] Configuration changed
2024-01-18 11:17:15.665 [error] Unable to find /path/to/im-select. Check your 'vim.autoSwitchInputMethod.obtainIMCmd' in VSCode setting.
2024-01-18 11:17:15.665 [error] vim.autoSwitchInputMethod.defaultIM is empty.
2024-01-18 11:32:38.475 [info] /home/cyb1ove/.config/Code/User/settings.json closed
2024-01-18 11:32:38.521 [info] Configuration changed
2024-01-18 11:32:38.557 [error] Unable to find /path/to/im-select. Check your 'vim.autoSwitchInputMethod.obtainIMCmd' in VSCode setting.
2024-01-18 11:32:38.557 [error] vim.autoSwitchInputMethod.defaultIM is empty.
2024-01-18 11:32:41.559 [info] /home/cyb1ove/.config/Code/User/settings.json closed
2024-01-18 11:32:41.601 [info] Configuration changed
2024-01-18 11:32:41.641 [error] Unable to find /path/to/im-select. Check your 'vim.autoSwitchInputMethod.obtainIMCmd' in VSCode setting.
2024-01-18 11:32:41.641 [error] vim.autoSwitchInputMethod.defaultIM is empty.
2024-01-18 11:32:42.220 [info] /home/cyb1ove/.config/Code/User/settings.json closed
2024-01-18 11:32:42.273 [info] Configuration changed
2024-01-18 11:32:42.315 [error] Unable to find /path/to/im-select. Check your 'vim.autoSwitchInputMethod.obtainIMCmd' in VSCode setting.
2024-01-18 11:32:42.315 [error] vim.autoSwitchInputMethod.defaultIM is empty.
2024-01-18 11:32:43.259 [info] /home/cyb1ove/.config/Code/User/settings.json closed
2024-01-18 11:32:43.295 [info] Configuration changed
2024-01-18 11:32:43.331 [error] Unable to find /path/to/im-select. Check your 'vim.autoSwitchInputMethod.obtainIMCmd' in VSCode setting.
2024-01-18 11:32:43.331 [error] vim.autoSwitchInputMethod.defaultIM is empty.
2024-01-18 11:33:40.859 [info] /home/cyb1ove/.config/Code/User/settings.json closed
2024-01-18 11:33:40.898 [info] Configuration changed
2024-01-18 11:33:40.929 [error] Unable to find /path/to/im-select. Check your 'vim.autoSwitchInputMethod.obtainIMCmd' in VSCode setting.
2024-01-18 11:33:40.929 [error] vim.autoSwitchInputMethod.defaultIM is empty.
2024-01-18 11:33:41.514 [info] /home/cyb1ove/.config/Code/User/settings.json closed
2024-01-18 11:33:41.555 [info] Configuration changed
2024-01-18 11:33:41.595 [error] Unable to find /path/to/im-select. Check your 'vim.autoSwitchInputMethod.obtainIMCmd' in VSCode setting.
2024-01-18 11:33:41.595 [error] vim.autoSwitchInputMethod.defaultIM is empty.
2024-01-18 11:33:44.000 [info] /home/cyb1ove/Projects/commdiva/clientapp_v2/src/containers/Chat/components/ChatTimeline/ChatTimeline.scss closed
2024-01-18 11:33:44.010 [info] Active editor: file:///home/cyb1ove/Projects/commdiva/clientapp_v2/src/containers/Chat/components/ChatTimeline/interactions/WebmasterMessage.js
2024-01-18 11:33:44.231 [info] /home/cyb1ove/Projects/commdiva/clientapp_v2/src/containers/Chat/components/ChatTimeline/interactions/WebmasterMessage.js closed
2024-01-18 11:33:44.240 [info] Active editor: file:///home/cyb1ove/Projects/commdiva/clientapp_v2/src/containers/Chat/components/ChatTimeline/interactions/IncomingGirlsChatMessage.js
2024-01-18 11:33:44.617 [info] /home/cyb1ove/Projects/commdiva/clientapp_v2/src/containers/Chat/components/ChatTimeline/interactions/IncomingGirlsChatMessage.js closed
2024-01-18 11:33:50.233 [info] Active editor: file:///home/cyb1ove/Projects/commdiva/clientapp_v2/src/containers/Chat/components/ChatTimeline/interactions/IncomingMessage.js
2024-01-18 11:33:55.440 [info] /home/cyb1ove/.config/Code/User/settings.json closed
2024-01-18 11:33:55.479 [info] Configuration changed
2024-01-18 11:33:55.527 [error] Unable to find /path/to/im-select. Check your 'vim.autoSwitchInputMethod.obtainIMCmd' in VSCode setting.
2024-01-18 11:33:55.527 [error] vim.autoSwitchInputMethod.defaultIM is empty.
2024-01-18 11:33:56.164 [info] Searching for inc
2024-01-18 11:33:58.337 [info] /home/cyb1ove/.config/Code/User/settings.json closed
2024-01-18 11:33:58.381 [info] Configuration changed
2024-01-18 11:33:58.434 [error] Unable to find /path/to/im-select. Check your 'vim.autoSwitchInputMethod.obtainIMCmd' in VSCode setting.
2024-01-18 11:33:58.434 [error] vim.autoSwitchInputMethod.defaultIM is empty.
2024-01-18 11:34:31.342 [info] Active editor: file:///home/cyb1ove/Projects/commdiva/clientapp_v2/src/containers/Chat/components/ChatTimeline/ChatTimeline.scss
2024-01-18 11:38:01.549 [info] /home/cyb1ove/.config/Code/User/settings.json closed
2024-01-18 11:38:01.630 [info] Configuration changed
2024-01-18 11:38:01.662 [error] Unable to find /path/to/im-select. Check your 'vim.autoSwitchInputMethod.obtainIMCmd' in VSCode setting.
2024-01-18 11:38:01.662 [error] vim.autoSwitchInputMethod.defaultIM is empty.
2024-01-18 11:38:03.969 [info] /home/cyb1ove/.config/Code/User/settings.json closed
2024-01-18 11:38:04.033 [info] Configuration changed
2024-01-18 11:38:04.063 [error] Unable to find /path/to/im-select. Check your 'vim.autoSwitchInputMethod.obtainIMCmd' in VSCode setting.
2024-01-18 11:38:04.063 [error] vim.autoSwitchInputMethod.defaultIM is empty.
2024-01-18 11:38:15.453 [info] Active editor: file:///home/cyb1ove/Projects/commdiva/clientapp_v2/src/containers/Chat/Chat.js
2024-01-18 11:38:17.943 [info] /home/cyb1ove/.config/Code/User/settings.json closed
2024-01-18 11:38:18.017 [info] Configuration changed
2024-01-18 11:38:18.055 [error] Unable to find /path/to/im-select. Check your 'vim.autoSwitchInputMethod.obtainIMCmd' in VSCode setting.
2024-01-18 11:38:18.055 [error] vim.autoSwitchInputMethod.defaultIM is empty.
2024-01-18 11:38:24.079 [info] Searching for chat__content
2024-01-18 11:38:41.507 [info] /home/cyb1ove/.config/Code/User/settings.json closed
2024-01-18 11:38:41.589 [info] Configuration changed
2024-01-18 11:38:41.629 [error] Unable to find /path/to/im-select. Check your 'vim.autoSwitchInputMethod.obtainIMCmd' in VSCode setting.
2024-01-18 11:38:41.629 [error] vim.autoSwitchInputMethod.defaultIM is empty.
2024-01-18 11:43:06.719 [info] Active editor: file:///home/cyb1ove/Projects/commdiva/clientapp_v2/src/containers/Chat/components/ChatTimeline/ChatTimeline.scss
2024-01-18 12:09:59.005 [info] Active editor: file:///home/cyb1ove/Projects/commdiva/clientapp_v2/src/containers/Chat/Chat.js
2024-01-18 12:10:00.163 [info] /home/cyb1ove/Projects/commdiva/clientapp_v2/src/containers/Chat/Chat.js closed
2024-01-18 12:10:00.173 [info] Active editor: file:///home/cyb1ove/Projects/commdiva/clientapp_v2/src/containers/Chat/components/ChatTimeline/ChatTimeline.scss
2024-01-18 12:10:04.011 [info] Active editor: file:///home/cyb1ove/Projects/commdiva/clientapp_v2/src/containers/Chat/ClientChat.js
2024-01-18 12:10:08.214 [info] Active editor: file:///home/cyb1ove/Projects/commdiva/clientapp_v2/src/containers/Chat/Chat.scss
2024-01-18 12:10:08.673 [info] /home/cyb1ove/.config/Code/User/settings.json closed
2024-01-18 12:10:08.715 [info] Configuration changed
2024-01-18 12:10:08.766 [error] Unable to find /path/to/im-select. Check your 'vim.autoSwitchInputMethod.obtainIMCmd' in VSCode setting.
2024-01-18 12:10:08.766 [error] vim.autoSwitchInputMethod.defaultIM is empty.
2024-01-18 12:10:10.364 [info] Searching for client-chat
2024-01-18 12:10:13.161 [info] Active editor: file:///home/cyb1ove/Projects/commdiva/clientapp_v2/src/containers/Chat/ClientChat.js
2024-01-18 12:10:14.054 [info] Active editor: file:///home/cyb1ove/Projects/commdiva/clientapp_v2/src/containers/Chat/Chat.scss
2024-01-18 12:10:14.461 [info] Active editor: file:///home/cyb1ove/Projects/commdiva/clientapp_v2/src/containers/Chat/ClientChat.js
2024-01-18 12:10:16.916 [info] Active editor: file:///home/cyb1ove/Projects/commdiva/clientapp_v2/src/containers/Chat/Chat.scss
2024-01-18 12:10:52.599 [info] Active editor: file:///home/cyb1ove/Projects/commdiva/clientapp_v2/src/containers/Chat/ClientChat.js
2024-01-18 12:10:53.842 [info] Active editor: file:///home/cyb1ove/Projects/commdiva/clientapp_v2/src/containers/Chat/Chat.scss
2024-01-18 12:10:55.035 [info] /home/cyb1ove/.config/Code/User/settings.json closed
2024-01-18 12:10:55.078 [info] Configuration changed
2024-01-18 12:10:55.143 [error] Unable to find /path/to/im-select. Check your 'vim.autoSwitchInputMethod.obtainIMCmd' in VSCode setting.
2024-01-18 12:10:55.143 [error] vim.autoSwitchInputMethod.defaultIM is empty.
2024-01-18 12:10:55.375 [info] /home/cyb1ove/.config/Code/User/settings.json closed
2024-01-18 12:10:55.429 [info] Configuration changed
2024-01-18 12:10:55.467 [error] Unable to find /path/to/im-select. Check your 'vim.autoSwitchInputMethod.obtainIMCmd' in VSCode setting.
2024-01-18 12:10:55.467 [error] vim.autoSwitchInputMethod.defaultIM is empty.
2024-01-18 12:10:59.503 [info] Active editor: file:///home/cyb1ove/Projects/commdiva/clientapp_v2/src/containers/Chat/ClientChat.js
2024-01-18 12:10:59.670 [info] /home/cyb1ove/.config/Code/User/settings.json closed
2024-01-18 12:10:59.716 [info] Configuration changed
2024-01-18 12:10:59.754 [error] Unable to find /path/to/im-select. Check your 'vim.autoSwitchInputMethod.obtainIMCmd' in VSCode setting.
2024-01-18 12:10:59.754 [error] vim.autoSwitchInputMethod.defaultIM is empty.
2024-01-18 12:10:59.957 [info] Active editor: file:///home/cyb1ove/Projects/commdiva/clientapp_v2/src/containers/Chat/components/ChatTimeline/ChatTimeline.scss
2024-01-18 12:11:02.143 [info] Active editor: file:///home/cyb1ove/Projects/commdiva/clientapp_v2/src/containers/Chat/ClientChat.js
2024-01-18 12:11:02.290 [info] Active editor: file:///home/cyb1ove/Projects/commdiva/clientapp_v2/src/containers/Chat/Chat.scss
2024-01-18 12:11:02.460 [info] /home/cyb1ove/.config/Code/User/settings.json closed
2024-01-18 12:11:02.513 [info] Configuration changed
2024-01-18 12:11:02.546 [error] Unable to find /path/to/im-select. Check your 'vim.autoSwitchInputMethod.obtainIMCmd' in VSCode setting.
2024-01-18 12:11:02.546 [error] vim.autoSwitchInputMethod.defaultIM is empty.
2024-01-18 12:11:16.347 [info] /home/cyb1ove/.config/Code/User/settings.json closed
2024-01-18 12:11:16.389 [info] Configuration changed
2024-01-18 12:11:16.433 [error] Unable to find /path/to/im-select. Check your 'vim.autoSwitchInputMethod.obtainIMCmd' in VSCode setting.
2024-01-18 12:11:16.433 [error] vim.autoSwitchInputMethod.defaultIM is empty.
2024-01-18 12:11:32.451 [info] /home/cyb1ove/.config/Code/User/settings.json closed
2024-01-18 12:11:32.491 [info] Configuration changed
2024-01-18 12:11:32.521 [error] Unable to find /path/to/im-select. Check your 'vim.autoSwitchInputMethod.obtainIMCmd' in VSCode setting.
2024-01-18 12:11:32.521 [error] vim.autoSwitchInputMethod.defaultIM is empty.
2024-01-18 12:11:35.355 [info] Active editor: file:///home/cyb1ove/Projects/commdiva/clientapp_v2/src/containers/Chat/ClientChat.js
2024-01-18 12:11:35.556 [info] /home/cyb1ove/.config/Code/User/settings.json closed
2024-01-18 12:11:35.611 [info] Configuration changed
2024-01-18 12:11:35.644 [error] Unable to find /path/to/im-select. Check your 'vim.autoSwitchInputMethod.obtainIMCmd' in VSCode setting.
2024-01-18 12:11:35.644 [error] vim.autoSwitchInputMethod.defaultIM is empty.
2024-01-18 12:11:36.069 [info] Active editor: file:///home/cyb1ove/Projects/commdiva/clientapp_v2/src/containers/Chat/components/ChatTimeline/ChatTimeline.scss
2024-01-18 12:11:43.521 [info] Active editor: file:///home/cyb1ove/Projects/commdiva/clientapp_v2/src/containers/Chat/ClientChat.js
2024-01-18 12:11:44.483 [info] Active editor: file:///home/cyb1ove/Projects/commdiva/clientapp_v2/src/containers/Chat/Chat.scss
2024-01-18 12:11:44.585 [info] /home/cyb1ove/.config/Code/User/settings.json closed
2024-01-18 12:11:44.626 [info] Configuration changed
2024-01-18 12:11:44.683 [error] Unable to find /path/to/im-select. Check your 'vim.autoSwitchInputMethod.obtainIMCmd' in VSCode setting.
2024-01-18 12:11:44.683 [error] vim.autoSwitchInputMethod.defaultIM is empty.
2024-01-18 12:11:51.174 [info] Active editor: file:///home/cyb1ove/Projects/commdiva/clientapp_v2/src/containers/Chat/ClientChat.js
2024-01-18 12:11:51.349 [info] /home/cyb1ove/.config/Code/User/settings.json closed
2024-01-18 12:11:51.390 [info] Configuration changed
2024-01-18 12:11:51.435 [error] Unable to find /path/to/im-select. Check your 'vim.autoSwitchInputMethod.obtainIMCmd' in VSCode setting.
2024-01-18 12:11:51.435 [error] vim.autoSwitchInputMethod.defaultIM is empty.
2024-01-18 12:11:51.617 [info] Active editor: file:///home/cyb1ove/Projects/commdiva/clientapp_v2/src/containers/Chat/Chat.scss
2024-01-18 12:11:51.715 [info] /home/cyb1ove/.config/Code/User/settings.json closed
2024-01-18 12:11:51.762 [info] Configuration changed
2024-01-18 12:11:51.810 [error] Unable to find /path/to/im-select. Check your 'vim.autoSwitchInputMethod.obtainIMCmd' in VSCode setting.
2024-01-18 12:11:51.810 [error] vim.autoSwitchInputMethod.defaultIM is empty.
2024-01-18 12:11:52.569 [info] Active editor: file:///home/cyb1ove/Projects/commdiva/clientapp_v2/src/containers/Chat/ClientChat.js
2024-01-18 12:11:52.668 [info] /home/cyb1ove/.config/Code/User/settings.json closed
2024-01-18 12:11:52.708 [info] Configuration changed
2024-01-18 12:11:52.749 [error] Unable to find /path/to/im-select. Check your 'vim.autoSwitchInputMethod.obtainIMCmd' in VSCode setting.
2024-01-18 12:11:52.749 [error] vim.autoSwitchInputMethod.defaultIM is empty.
2024-01-18 12:11:53.197 [info] Active editor: file:///home/cyb1ove/Projects/commdiva/clientapp_v2/src/containers/Chat/components/ChatTimeline/ChatTimeline.scss
2024-01-18 12:11:53.939 [info] Active editor: file:///home/cyb1ove/Projects/commdiva/clientapp_v2/src/containers/Chat/ClientChat.js
2024-01-18 12:11:54.090 [info] Active editor: file:///home/cyb1ove/Projects/commdiva/clientapp_v2/src/containers/Chat/Chat.scss
2024-01-18 12:11:54.188 [info] /home/cyb1ove/.config/Code/User/settings.json closed
2024-01-18 12:11:54.232 [info] Configuration changed
2024-01-18 12:11:54.267 [error] Unable to find /path/to/im-select. Check your 'vim.autoSwitchInputMethod.obtainIMCmd' in VSCode setting.
2024-01-18 12:11:54.267 [error] vim.autoSwitchInputMethod.defaultIM is empty.
2024-01-18 12:12:00.006 [info] Active editor: file:///home/cyb1ove/Projects/commdiva/clientapp_v2/src/containers/Chat/ClientChat.js
2024-01-18 12:12:00.361 [info] /home/cyb1ove/.config/Code/User/settings.json closed
2024-01-18 12:12:00.410 [info] Configuration changed
2024-01-18 12:12:00.460 [error] Unable to find /path/to/im-select. Check your 'vim.autoSwitchInputMethod.obtainIMCmd' in VSCode setting.
2024-01-18 12:12:00.460 [error] vim.autoSwitchInputMethod.defaultIM is empty.
2024-01-18 12:12:01.400 [info] Active editor: file:///home/cyb1ove/Projects/commdiva/clientapp_v2/src/containers/Chat/components/ChatTimeline/ChatTimeline.scss
2024-01-18 12:12:02.019 [info] Active editor: file:///home/cyb1ove/Projects/commdiva/clientapp_v2/src/containers/Chat/ClientChat.js
2024-01-18 12:12:02.750 [info] Active editor: file:///home/cyb1ove/Projects/commdiva/clientapp_v2/src/containers/Chat/Chat.scss
2024-01-18 12:12:02.945 [info] /home/cyb1ove/.config/Code/User/settings.json closed
2024-01-18 12:12:02.986 [info] Configuration changed
2024-01-18 12:12:03.026 [error] Unable to find /path/to/im-select. Check your 'vim.autoSwitchInputMethod.obtainIMCmd' in VSCode setting.
2024-01-18 12:12:03.026 [error] vim.autoSwitchInputMethod.defaultIM is empty.
2024-01-18 12:12:03.237 [info] Active editor: file:///home/cyb1ove/Projects/commdiva/clientapp_v2/src/containers/Chat/ClientChat.js
2024-01-18 12:12:03.439 [info] /home/cyb1ove/.config/Code/User/settings.json closed
2024-01-18 12:12:03.484 [info] Configuration changed
2024-01-18 12:12:03.561 [error] Unable to find /path/to/im-select. Check your 'vim.autoSwitchInputMethod.obtainIMCmd' in VSCode setting.
2024-01-18 12:12:03.561 [error] vim.autoSwitchInputMethod.defaultIM is empty.
2024-01-18 12:12:04.223 [info] Active editor: file:///home/cyb1ove/Projects/commdiva/clientapp_v2/src/containers/Chat/components/ChatTimeline/ChatTimeline.scss
2024-01-18 12:12:09.574 [info] Active editor: file:///home/cyb1ove/Projects/commdiva/clientapp_v2/src/containers/Chat/ClientChat.js
2024-01-18 12:12:10.357 [info] Active editor: file:///home/cyb1ove/Projects/commdiva/clientapp_v2/src/containers/Chat/Chat.scss
2024-01-18 12:12:10.485 [info] /home/cyb1ove/.config/Code/User/settings.json closed
2024-01-18 12:12:10.542 [info] Configuration changed
2024-01-18 12:12:10.580 [error] Unable to find /path/to/im-select. Check your 'vim.autoSwitchInputMethod.obtainIMCmd' in VSCode setting.
2024-01-18 12:12:10.580 [error] vim.autoSwitchInputMethod.defaultIM is empty.
2024-01-18 12:12:11.535 [info] /home/cyb1ove/.config/Code/User/settings.json closed
2024-01-18 12:12:11.574 [info] Configuration changed
2024-01-18 12:12:11.612 [error] Unable to find /path/to/im-select. Check your 'vim.autoSwitchInputMethod.obtainIMCmd' in VSCode setting.
2024-01-18 12:12:11.612 [error] vim.autoSwitchInputMethod.defaultIM is empty.
2024-01-18 12:12:35.567 [info] /home/cyb1ove/.config/Code/User/settings.json closed
2024-01-18 12:12:35.616 [info] Configuration changed
2024-01-18 12:12:35.659 [error] Unable to find /path/to/im-select. Check your 'vim.autoSwitchInputMethod.obtainIMCmd' in VSCode setting.
2024-01-18 12:12:35.659 [error] vim.autoSwitchInputMethod.defaultIM is empty.
2024-01-18 12:12:42.302 [info] Active editor: file:///home/cyb1ove/Projects/commdiva/clientapp_v2/src/containers/Chat/ClientChat.js
2024-01-18 12:12:42.438 [info] /home/cyb1ove/.config/Code/User/settings.json closed
2024-01-18 12:12:42.483 [info] Configuration changed
2024-01-18 12:12:42.515 [error] Unable to find /path/to/im-select. Check your 'vim.autoSwitchInputMethod.obtainIMCmd' in VSCode setting.
2024-01-18 12:12:42.515 [error] vim.autoSwitchInputMethod.defaultIM is empty.
2024-01-18 12:12:43.233 [info] Active editor: file:///home/cyb1ove/Projects/commdiva/clientapp_v2/src/containers/Chat/components/ChatTimeline/ChatTimeline.scss
2024-01-18 12:12:49.222 [info] Active editor: file:///home/cyb1ove/Projects/commdiva/clientapp_v2/src/containers/Chat/ClientChat.js
2024-01-18 12:12:49.820 [info] Active editor: file:///home/cyb1ove/Projects/commdiva/clientapp_v2/src/containers/Chat/Chat.scss
2024-01-18 12:12:49.975 [info] /home/cyb1ove/.config/Code/User/settings.json closed
2024-01-18 12:12:50.045 [info] Configuration changed
2024-01-18 12:12:50.083 [error] Unable to find /path/to/im-select. Check your 'vim.autoSwitchInputMethod.obtainIMCmd' in VSCode setting.
2024-01-18 12:12:50.083 [error] vim.autoSwitchInputMethod.defaultIM is empty.
2024-01-18 12:12:52.704 [info] /home/cyb1ove/.config/Code/User/settings.json closed
2024-01-18 12:12:52.751 [info] Configuration changed
2024-01-18 12:12:52.801 [error] Unable to find /path/to/im-select. Check your 'vim.autoSwitchInputMethod.obtainIMCmd' in VSCode setting.
2024-01-18 12:12:52.801 [error] vim.autoSwitchInputMethod.defaultIM is empty.
2024-01-18 12:12:53.413 [info] /home/cyb1ove/.config/Code/User/settings.json closed
2024-01-18 12:12:53.457 [info] Configuration changed
2024-01-18 12:12:53.495 [error] Unable to find /path/to/im-select. Check your 'vim.autoSwitchInputMethod.obtainIMCmd' in VSCode setting.
2024-01-18 12:12:53.495 [error] vim.autoSwitchInputMethod.defaultIM is empty.
2024-01-18 12:12:53.885 [info] /home/cyb1ove/.config/Code/User/settings.json closed
2024-01-18 12:12:53.927 [info] Configuration changed
2024-01-18 12:12:53.971 [error] Unable to find /path/to/im-select. Check your 'vim.autoSwitchInputMethod.obtainIMCmd' in VSCode setting.
2024-01-18 12:12:53.971 [error] vim.autoSwitchInputMethod.defaultIM is empty.
2024-01-18 12:12:58.471 [info] Active editor: file:///home/cyb1ove/Projects/commdiva/clientapp_v2/src/containers/Chat/ClientChat.js
2024-01-18 12:12:59.137 [info] Active editor: file:///home/cyb1ove/Projects/commdiva/clientapp_v2/src/containers/Chat/components/ChatTimeline/ChatTimeline.scss
2024-01-18 12:15:08.388 [info] Active editor: file:///home/cyb1ove/Projects/commdiva/clientapp_v2/src/containers/Chat/ClientChat.js
2024-01-18 12:15:09.074 [info] Active editor: file:///home/cyb1ove/Projects/commdiva/clientapp_v2/src/containers/Chat/Chat.scss
2024-01-18 12:15:14.084 [info] /home/cyb1ove/.config/Code/User/settings.json closed
2024-01-18 12:15:14.122 [info] Configuration changed
2024-01-18 12:15:14.161 [error] Unable to find /path/to/im-select. Check your 'vim.autoSwitchInputMethod.obtainIMCmd' in VSCode setting.
2024-01-18 12:15:14.161 [error] vim.autoSwitchInputMethod.defaultIM is empty.
2024-01-18 12:15:14.870 [info] /home/cyb1ove/.config/Code/User/settings.json closed
2024-01-18 12:15:14.905 [info] Configuration changed
2024-01-18 12:15:14.946 [error] Unable to find /path/to/im-select. Check your 'vim.autoSwitchInputMethod.obtainIMCmd' in VSCode setting.
2024-01-18 12:15:14.946 [error] vim.autoSwitchInputMethod.defaultIM is empty.
2024-01-18 12:15:15.790 [info] /home/cyb1ove/.config/Code/User/settings.json closed
2024-01-18 12:15:15.847 [info] Configuration changed
2024-01-18 12:15:15.941 [error] Unable to find /path/to/im-select. Check your 'vim.autoSwitchInputMethod.obtainIMCmd' in VSCode setting.
2024-01-18 12:15:15.941 [error] vim.autoSwitchInputMethod.defaultIM is empty.
2024-01-18 12:15:16.049 [info] Executing :w
2024-01-18 12:15:16.094 [info] /home/cyb1ove/.config/Code/User/settings.json closed
2024-01-18 12:15:16.151 [info] Configuration changed
2024-01-18 12:15:16.198 [error] Unable to find /path/to/im-select. Check your 'vim.autoSwitchInputMethod.obtainIMCmd' in VSCode setting.
2024-01-18 12:15:16.198 [error] vim.autoSwitchInputMethod.defaultIM is empty.
