2024-01-18 13:30:01.783 [info] Using settings sync service https://vscode-sync.trafficmanager.net/
2024-01-18 13:30:01.783 [info] Auto Sync is enabled.
2024-01-18 13:30:01.783 [info] Auto Sync: Suspended until auth token is available.
2024-01-18 13:30:02.131 [info] Deleting non existing profile from backup /home/cyb1ove/.config/Code/User/sync/extensions
2024-01-18 13:30:02.134 [info] Deleting non existing profile from backup /home/cyb1ove/.config/Code/User/sync/globalState
2024-01-18 13:30:02.136 [info] Deleting non existing profile from backup /home/cyb1ove/.config/Code/User/sync/keybindings
2024-01-18 13:30:02.136 [info] Deleting non existing profile from backup /home/cyb1ove/.config/Code/User/sync/profiles
2024-01-18 13:30:02.137 [info] Deleting non existing profile from backup /home/cyb1ove/.config/Code/User/sync/settings
2024-01-18 13:30:02.138 [info] Deleting non existing profile from backup /home/cyb1ove/.config/Code/User/sync/snippets
2024-01-18 13:30:02.139 [info] Deleting non existing profile from backup /home/cyb1ove/.config/Code/User/sync/tasks
2024-01-18 13:30:03.834 [info] Auto Sync: Triggered by Interval
2024-01-18 13:30:03.835 [info] Sync started.
2024-01-18 13:30:04.133 [info] Settings: Last sync resource does not exist locally.
2024-01-18 13:30:04.262 [info] Settings: No changes found during synchronizing settings.
2024-01-18 13:30:04.322 [info] Keybindings: Last sync resource does not exist locally.
2024-01-18 13:30:04.565 [info] Keybindings: No changes found during synchronizing keybindings.
2024-01-18 13:30:04.566 [info] Snippets: Last sync resource does not exist locally.
2024-01-18 13:30:04.644 [info] Snippets: No changes found during synchronizing snippets.
2024-01-18 13:30:04.652 [info] Tasks: Last sync resource does not exist locally.
2024-01-18 13:30:04.735 [info] Tasks: No changes found during synchronizing tasks.
2024-01-18 13:30:04.736 [info] GlobalState: Last sync resource does not exist locally.
2024-01-18 13:30:05.663 [info] GlobalState: Updated remote ui state. Updated: cpp.1.lastSessionDate,cpp.1.sessionCount,java.2.lastSessionDate,java.2.sessionCount,csharp.1.lastSessionDate,csharp.1.sessionCount.
2024-01-18 13:30:05.666 [info] GlobalState: Updated last synchronized ui state
2024-01-18 13:30:05.667 [info] Extensions: Last sync resource does not exist locally.
2024-01-18 13:30:05.884 [info] Extensions: No changes found during synchronizing extensions.
2024-01-18 13:30:05.885 [info] Profiles: Last sync resource does not exist locally.
2024-01-18 13:30:05.951 [info] Profiles: No changes found during synchronizing profiles.
2024-01-18 13:30:05.953 [info] Syncing profile. gwegw
2024-01-18 13:30:05.962 [info] Keybindings (gwegw): No changes found during synchronizing keybindings.
2024-01-18 13:30:05.995 [info] GlobalState (gwegw): No changes found during synchronizing ui state.
2024-01-18 13:30:05.997 [info] Syncing profile. test
2024-01-18 13:30:06.014 [info] Settings (test): No changes found during synchronizing settings.
2024-01-18 13:30:06.020 [info] Keybindings (test): No changes found during synchronizing keybindings.
2024-01-18 13:30:06.022 [info] Snippets (test): No changes found during synchronizing snippets.
2024-01-18 13:30:06.024 [info] Tasks (test): No changes found during synchronizing tasks.
2024-01-18 13:30:06.037 [info] GlobalState (test): No changes found during synchronizing ui state.
2024-01-18 13:30:06.100 [info] Extensions (test): No changes found during synchronizing extensions.
2024-01-18 13:30:06.102 [info] Sync done. Took 2267ms
2024-01-18 13:30:12.250 [info] Auto Sync: Triggered by Activity
2024-01-18 13:30:12.251 [info] Sync started.
2024-01-18 13:30:12.325 [info] Settings: No changes found during synchronizing settings.
2024-01-18 13:30:12.335 [info] Keybindings: No changes found during synchronizing keybindings.
2024-01-18 13:30:12.340 [info] Snippets: No changes found during synchronizing snippets.
2024-01-18 13:30:12.342 [info] Tasks: No changes found during synchronizing tasks.
2024-01-18 13:30:12.344 [info] GlobalState: No changes found during synchronizing ui state.
2024-01-18 13:30:12.959 [info] Extensions: Updated remote extensions. Updated: ["eamodio.gitlens"].
2024-01-18 13:30:12.962 [info] Extensions: Updated last synchronized extensions. Skipped: ["cssho.vscode-svgviewer"].
2024-01-18 13:30:12.964 [info] Profiles: No changes found during synchronizing profiles.
2024-01-18 13:30:12.965 [info] Syncing profile. gwegw
2024-01-18 13:30:12.967 [info] Keybindings (gwegw): No changes found during synchronizing keybindings.
2024-01-18 13:30:12.985 [info] GlobalState (gwegw): No changes found during synchronizing ui state.
2024-01-18 13:30:12.986 [info] Syncing profile. test
2024-01-18 13:30:12.989 [info] Settings (test): No changes found during synchronizing settings.
2024-01-18 13:30:12.991 [info] Keybindings (test): No changes found during synchronizing keybindings.
2024-01-18 13:30:12.993 [info] Snippets (test): No changes found during synchronizing snippets.
2024-01-18 13:30:12.995 [info] Tasks (test): No changes found during synchronizing tasks.
2024-01-18 13:30:12.998 [info] GlobalState (test): No changes found during synchronizing ui state.
2024-01-18 13:30:13.040 [info] Extensions (test): No changes found during synchronizing extensions.
2024-01-18 13:30:13.040 [info] Sync done. Took 790ms
2024-01-18 13:31:09.553 [info] Auto Sync: Triggered by Activity
2024-01-18 13:31:09.553 [info] Sync started.
2024-01-18 13:31:09.865 [info] Settings: No changes found during synchronizing settings.
2024-01-18 13:31:09.877 [info] Keybindings: No changes found during synchronizing keybindings.
2024-01-18 13:31:09.883 [info] Snippets: No changes found during synchronizing snippets.
2024-01-18 13:31:09.885 [info] Tasks: No changes found during synchronizing tasks.
2024-01-18 13:31:09.889 [info] GlobalState: No changes found during synchronizing ui state.
2024-01-18 13:31:09.994 [info] Extensions: No changes found during synchronizing extensions.
2024-01-18 13:31:09.995 [info] Profiles: No changes found during synchronizing profiles.
2024-01-18 13:31:09.996 [info] Syncing profile. gwegw
2024-01-18 13:31:09.998 [info] Keybindings (gwegw): No changes found during synchronizing keybindings.
2024-01-18 13:31:10.018 [info] GlobalState (gwegw): No changes found during synchronizing ui state.
2024-01-18 13:31:10.018 [info] Syncing profile. test
2024-01-18 13:31:10.020 [info] Settings (test): No changes found during synchronizing settings.
2024-01-18 13:31:10.022 [info] Keybindings (test): No changes found during synchronizing keybindings.
2024-01-18 13:31:10.025 [info] Snippets (test): No changes found during synchronizing snippets.
2024-01-18 13:31:10.029 [info] Tasks (test): No changes found during synchronizing tasks.
2024-01-18 13:31:10.032 [info] GlobalState (test): No changes found during synchronizing ui state.
2024-01-18 13:31:10.081 [info] Extensions (test): No changes found during synchronizing extensions.
2024-01-18 13:31:10.082 [info] Sync done. Took 530ms
2024-01-18 13:31:28.857 [info] Auto Sync: Triggered by Activity
2024-01-18 13:31:28.858 [info] Sync started.
2024-01-18 13:31:28.968 [info] Settings: No changes found during synchronizing settings.
2024-01-18 13:31:29.004 [info] Keybindings: No changes found during synchronizing keybindings.
2024-01-18 13:31:29.027 [info] Snippets: No changes found during synchronizing snippets.
2024-01-18 13:31:29.034 [info] Tasks: No changes found during synchronizing tasks.
2024-01-18 13:31:29.048 [info] GlobalState: No changes found during synchronizing ui state.
2024-01-18 13:31:29.244 [info] Extensions: No changes found during synchronizing extensions.
2024-01-18 13:31:29.245 [info] Profiles: No changes found during synchronizing profiles.
2024-01-18 13:31:29.246 [info] Syncing profile. gwegw
2024-01-18 13:31:29.248 [info] Keybindings (gwegw): No changes found during synchronizing keybindings.
2024-01-18 13:31:29.271 [info] GlobalState (gwegw): No changes found during synchronizing ui state.
2024-01-18 13:31:29.273 [info] Syncing profile. test
2024-01-18 13:31:29.275 [info] Settings (test): No changes found during synchronizing settings.
2024-01-18 13:31:29.280 [info] Keybindings (test): No changes found during synchronizing keybindings.
2024-01-18 13:31:29.282 [info] Snippets (test): No changes found during synchronizing snippets.
2024-01-18 13:31:29.284 [info] Tasks (test): No changes found during synchronizing tasks.
2024-01-18 13:31:29.288 [info] GlobalState (test): No changes found during synchronizing ui state.
2024-01-18 13:31:29.345 [info] Extensions (test): No changes found during synchronizing extensions.
2024-01-18 13:31:29.346 [info] Sync done. Took 489ms
2024-01-18 13:32:34.680 [info] Auto Sync: Triggered by Activity
2024-01-18 13:32:34.681 [info] Sync started.
2024-01-18 13:32:34.785 [info] Settings: No changes found during synchronizing settings.
2024-01-18 13:32:34.797 [info] Keybindings: No changes found during synchronizing keybindings.
2024-01-18 13:32:34.801 [info] Snippets: No changes found during synchronizing snippets.
2024-01-18 13:32:34.803 [info] Tasks: No changes found during synchronizing tasks.
2024-01-18 13:32:34.807 [info] GlobalState: No changes found during synchronizing ui state.
2024-01-18 13:32:34.899 [info] Extensions: No changes found during synchronizing extensions.
2024-01-18 13:32:34.900 [info] Profiles: No changes found during synchronizing profiles.
2024-01-18 13:32:34.901 [info] Syncing profile. gwegw
2024-01-18 13:32:34.903 [info] Keybindings (gwegw): No changes found during synchronizing keybindings.
2024-01-18 13:32:34.921 [info] GlobalState (gwegw): No changes found during synchronizing ui state.
2024-01-18 13:32:34.922 [info] Syncing profile. test
2024-01-18 13:32:34.924 [info] Settings (test): No changes found during synchronizing settings.
2024-01-18 13:32:34.928 [info] Keybindings (test): No changes found during synchronizing keybindings.
2024-01-18 13:32:34.929 [info] Snippets (test): No changes found during synchronizing snippets.
2024-01-18 13:32:34.931 [info] Tasks (test): No changes found during synchronizing tasks.
2024-01-18 13:32:34.934 [info] GlobalState (test): No changes found during synchronizing ui state.
2024-01-18 13:32:34.976 [info] Extensions (test): No changes found during synchronizing extensions.
2024-01-18 13:32:34.977 [info] Sync done. Took 296ms
2024-01-18 13:33:54.319 [info] Auto Sync: Triggered by Activity
2024-01-18 13:33:54.319 [info] Sync started.
2024-01-18 13:33:54.412 [info] Settings: No changes found during synchronizing settings.
2024-01-18 13:33:54.425 [info] Keybindings: No changes found during synchronizing keybindings.
2024-01-18 13:33:54.433 [info] Snippets: No changes found during synchronizing snippets.
2024-01-18 13:33:54.436 [info] Tasks: No changes found during synchronizing tasks.
2024-01-18 13:33:54.442 [info] GlobalState: No changes found during synchronizing ui state.
2024-01-18 13:33:54.535 [info] Extensions: No changes found during synchronizing extensions.
2024-01-18 13:33:54.535 [info] Profiles: No changes found during synchronizing profiles.
2024-01-18 13:33:54.536 [info] Syncing profile. gwegw
2024-01-18 13:33:54.538 [info] Keybindings (gwegw): No changes found during synchronizing keybindings.
2024-01-18 13:33:54.556 [info] GlobalState (gwegw): No changes found during synchronizing ui state.
2024-01-18 13:33:54.556 [info] Syncing profile. test
2024-01-18 13:33:54.558 [info] Settings (test): No changes found during synchronizing settings.
2024-01-18 13:33:54.559 [info] Keybindings (test): No changes found during synchronizing keybindings.
2024-01-18 13:33:54.561 [info] Snippets (test): No changes found during synchronizing snippets.
2024-01-18 13:33:54.562 [info] Tasks (test): No changes found during synchronizing tasks.
2024-01-18 13:33:54.566 [info] GlobalState (test): No changes found during synchronizing ui state.
2024-01-18 13:33:54.600 [info] Extensions (test): No changes found during synchronizing extensions.
2024-01-18 13:33:54.601 [info] Sync done. Took 283ms
2024-01-18 13:34:43.284 [info] Auto Sync: Triggered by Activity
2024-01-18 13:34:43.284 [info] Sync started.
2024-01-18 13:34:43.379 [info] Settings: No changes found during synchronizing settings.
2024-01-18 13:34:43.392 [info] Keybindings: No changes found during synchronizing keybindings.
2024-01-18 13:34:43.403 [info] Snippets: No changes found during synchronizing snippets.
2024-01-18 13:34:43.406 [info] Tasks: No changes found during synchronizing tasks.
2024-01-18 13:34:43.412 [info] GlobalState: No changes found during synchronizing ui state.
2024-01-18 13:34:43.507 [info] Extensions: No changes found during synchronizing extensions.
2024-01-18 13:34:43.509 [info] Profiles: No changes found during synchronizing profiles.
2024-01-18 13:34:43.510 [info] Syncing profile. gwegw
2024-01-18 13:34:43.512 [info] Keybindings (gwegw): No changes found during synchronizing keybindings.
2024-01-18 13:34:43.530 [info] GlobalState (gwegw): No changes found during synchronizing ui state.
2024-01-18 13:34:43.530 [info] Syncing profile. test
2024-01-18 13:34:43.532 [info] Settings (test): No changes found during synchronizing settings.
2024-01-18 13:34:43.533 [info] Keybindings (test): No changes found during synchronizing keybindings.
2024-01-18 13:34:43.535 [info] Snippets (test): No changes found during synchronizing snippets.
2024-01-18 13:34:43.537 [info] Tasks (test): No changes found during synchronizing tasks.
2024-01-18 13:34:43.540 [info] GlobalState (test): No changes found during synchronizing ui state.
2024-01-18 13:34:43.579 [info] Extensions (test): No changes found during synchronizing extensions.
2024-01-18 13:34:43.580 [info] Sync done. Took 297ms
2024-01-18 13:35:14.596 [info] Auto Sync: Triggered by Activity
2024-01-18 13:35:14.596 [info] Sync started.
2024-01-18 13:35:14.883 [info] Settings: No changes found during synchronizing settings.
2024-01-18 13:35:14.894 [info] Keybindings: No changes found during synchronizing keybindings.
2024-01-18 13:35:14.898 [info] Snippets: No changes found during synchronizing snippets.
2024-01-18 13:35:14.901 [info] Tasks: No changes found during synchronizing tasks.
2024-01-18 13:35:14.905 [info] GlobalState: No changes found during synchronizing ui state.
2024-01-18 13:35:14.990 [info] Extensions: No changes found during synchronizing extensions.
2024-01-18 13:35:14.992 [info] Profiles: No changes found during synchronizing profiles.
2024-01-18 13:35:14.993 [info] Syncing profile. gwegw
2024-01-18 13:35:14.994 [info] Keybindings (gwegw): No changes found during synchronizing keybindings.
2024-01-18 13:35:15.011 [info] GlobalState (gwegw): No changes found during synchronizing ui state.
2024-01-18 13:35:15.012 [info] Syncing profile. test
2024-01-18 13:35:15.014 [info] Settings (test): No changes found during synchronizing settings.
2024-01-18 13:35:15.018 [info] Keybindings (test): No changes found during synchronizing keybindings.
2024-01-18 13:35:15.019 [info] Snippets (test): No changes found during synchronizing snippets.
2024-01-18 13:35:15.021 [info] Tasks (test): No changes found during synchronizing tasks.
2024-01-18 13:35:15.024 [info] GlobalState (test): No changes found during synchronizing ui state.
2024-01-18 13:35:15.063 [info] Extensions (test): No changes found during synchronizing extensions.
2024-01-18 13:35:15.064 [info] Sync done. Took 468ms
2024-01-18 13:36:45.388 [info] Auto Sync: Triggered by Activity
2024-01-18 13:36:45.388 [info] Sync started.
2024-01-18 13:36:45.860 [info] Settings: No changes found during synchronizing settings.
2024-01-18 13:36:45.872 [info] Keybindings: No changes found during synchronizing keybindings.
2024-01-18 13:36:45.878 [info] Snippets: No changes found during synchronizing snippets.
2024-01-18 13:36:45.881 [info] Tasks: No changes found during synchronizing tasks.
2024-01-18 13:36:45.885 [info] GlobalState: No changes found during synchronizing ui state.
2024-01-18 13:36:45.979 [info] Extensions: No changes found during synchronizing extensions.
2024-01-18 13:36:45.980 [info] Profiles: No changes found during synchronizing profiles.
2024-01-18 13:36:45.981 [info] Syncing profile. gwegw
2024-01-18 13:36:45.982 [info] Keybindings (gwegw): No changes found during synchronizing keybindings.
2024-01-18 13:36:46.000 [info] GlobalState (gwegw): No changes found during synchronizing ui state.
2024-01-18 13:36:46.001 [info] Syncing profile. test
2024-01-18 13:36:46.002 [info] Settings (test): No changes found during synchronizing settings.
2024-01-18 13:36:46.004 [info] Keybindings (test): No changes found during synchronizing keybindings.
2024-01-18 13:36:46.006 [info] Snippets (test): No changes found during synchronizing snippets.
2024-01-18 13:36:46.008 [info] Tasks (test): No changes found during synchronizing tasks.
2024-01-18 13:36:46.013 [info] GlobalState (test): No changes found during synchronizing ui state.
2024-01-18 13:36:46.054 [info] Extensions (test): No changes found during synchronizing extensions.
2024-01-18 13:36:46.055 [info] Sync done. Took 667ms
2024-01-18 13:37:30.525 [info] Auto Sync: Triggered by Activity
2024-01-18 13:37:30.525 [info] Sync started.
2024-01-18 13:37:30.765 [info] Settings: No changes found during synchronizing settings.
2024-01-18 13:37:30.778 [info] Keybindings: No changes found during synchronizing keybindings.
2024-01-18 13:37:30.783 [info] Snippets: No changes found during synchronizing snippets.
2024-01-18 13:37:30.785 [info] Tasks: No changes found during synchronizing tasks.
2024-01-18 13:37:30.790 [info] GlobalState: No changes found during synchronizing ui state.
2024-01-18 13:37:30.882 [info] Extensions: No changes found during synchronizing extensions.
2024-01-18 13:37:30.883 [info] Profiles: No changes found during synchronizing profiles.
2024-01-18 13:37:30.884 [info] Syncing profile. gwegw
2024-01-18 13:37:30.886 [info] Keybindings (gwegw): No changes found during synchronizing keybindings.
2024-01-18 13:37:30.905 [info] GlobalState (gwegw): No changes found during synchronizing ui state.
2024-01-18 13:37:30.905 [info] Syncing profile. test
2024-01-18 13:37:30.907 [info] Settings (test): No changes found during synchronizing settings.
2024-01-18 13:37:30.908 [info] Keybindings (test): No changes found during synchronizing keybindings.
2024-01-18 13:37:30.910 [info] Snippets (test): No changes found during synchronizing snippets.
2024-01-18 13:37:30.912 [info] Tasks (test): No changes found during synchronizing tasks.
2024-01-18 13:37:30.916 [info] GlobalState (test): No changes found during synchronizing ui state.
2024-01-18 13:37:30.957 [info] Extensions (test): No changes found during synchronizing extensions.
2024-01-18 13:37:30.958 [info] Sync done. Took 433ms
2024-01-18 13:39:00.947 [info] Auto Sync: Triggered by Activity
2024-01-18 13:39:00.947 [info] Sync started.
2024-01-18 13:39:01.030 [info] Settings: No changes found during synchronizing settings.
2024-01-18 13:39:01.040 [info] Keybindings: No changes found during synchronizing keybindings.
2024-01-18 13:39:01.047 [info] Snippets: No changes found during synchronizing snippets.
2024-01-18 13:39:01.049 [info] Tasks: No changes found during synchronizing tasks.
2024-01-18 13:39:01.053 [info] GlobalState: No changes found during synchronizing ui state.
2024-01-18 13:39:01.138 [info] Extensions: No changes found during synchronizing extensions.
2024-01-18 13:39:01.139 [info] Profiles: No changes found during synchronizing profiles.
2024-01-18 13:39:01.139 [info] Syncing profile. gwegw
2024-01-18 13:39:01.141 [info] Keybindings (gwegw): No changes found during synchronizing keybindings.
2024-01-18 13:39:01.158 [info] GlobalState (gwegw): No changes found during synchronizing ui state.
2024-01-18 13:39:01.159 [info] Syncing profile. test
2024-01-18 13:39:01.160 [info] Settings (test): No changes found during synchronizing settings.
2024-01-18 13:39:01.162 [info] Keybindings (test): No changes found during synchronizing keybindings.
2024-01-18 13:39:01.163 [info] Snippets (test): No changes found during synchronizing snippets.
2024-01-18 13:39:01.165 [info] Tasks (test): No changes found during synchronizing tasks.
2024-01-18 13:39:01.168 [info] GlobalState (test): No changes found during synchronizing ui state.
2024-01-18 13:39:01.204 [info] Extensions (test): No changes found during synchronizing extensions.
2024-01-18 13:39:01.205 [info] Sync done. Took 258ms
2024-01-18 13:39:45.797 [info] Auto Sync: Triggered by Activity
2024-01-18 13:39:45.797 [info] Sync started.
2024-01-18 13:39:45.914 [info] Settings: No changes found during synchronizing settings.
2024-01-18 13:39:45.925 [info] Keybindings: No changes found during synchronizing keybindings.
2024-01-18 13:39:45.929 [info] Snippets: No changes found during synchronizing snippets.
2024-01-18 13:39:45.931 [info] Tasks: No changes found during synchronizing tasks.
2024-01-18 13:39:45.935 [info] GlobalState: No changes found during synchronizing ui state.
2024-01-18 13:39:46.017 [info] Extensions: No changes found during synchronizing extensions.
2024-01-18 13:39:46.018 [info] Profiles: No changes found during synchronizing profiles.
2024-01-18 13:39:46.019 [info] Syncing profile. gwegw
2024-01-18 13:39:46.020 [info] Keybindings (gwegw): No changes found during synchronizing keybindings.
2024-01-18 13:39:46.038 [info] GlobalState (gwegw): No changes found during synchronizing ui state.
2024-01-18 13:39:46.038 [info] Syncing profile. test
2024-01-18 13:39:46.040 [info] Settings (test): No changes found during synchronizing settings.
2024-01-18 13:39:46.041 [info] Keybindings (test): No changes found during synchronizing keybindings.
2024-01-18 13:39:46.043 [info] Snippets (test): No changes found during synchronizing snippets.
2024-01-18 13:39:46.044 [info] Tasks (test): No changes found during synchronizing tasks.
2024-01-18 13:39:46.047 [info] GlobalState (test): No changes found during synchronizing ui state.
2024-01-18 13:39:46.079 [info] Extensions (test): No changes found during synchronizing extensions.
2024-01-18 13:39:46.081 [info] Sync done. Took 285ms
2024-01-18 13:40:10.092 [info] Auto Sync: Triggered by Activity
2024-01-18 13:40:10.092 [info] Sync started.
2024-01-18 13:40:10.433 [info] Settings: No changes found during synchronizing settings.
2024-01-18 13:40:10.444 [info] Keybindings: No changes found during synchronizing keybindings.
2024-01-18 13:40:10.449 [info] Snippets: No changes found during synchronizing snippets.
2024-01-18 13:40:10.451 [info] Tasks: No changes found during synchronizing tasks.
2024-01-18 13:40:10.455 [info] GlobalState: No changes found during synchronizing ui state.
2024-01-18 13:40:10.544 [info] Extensions: No changes found during synchronizing extensions.
2024-01-18 13:40:10.545 [info] Profiles: No changes found during synchronizing profiles.
2024-01-18 13:40:10.546 [info] Syncing profile. gwegw
2024-01-18 13:40:10.547 [info] Keybindings (gwegw): No changes found during synchronizing keybindings.
2024-01-18 13:40:10.564 [info] GlobalState (gwegw): No changes found during synchronizing ui state.
2024-01-18 13:40:10.565 [info] Syncing profile. test
2024-01-18 13:40:10.566 [info] Settings (test): No changes found during synchronizing settings.
2024-01-18 13:40:10.568 [info] Keybindings (test): No changes found during synchronizing keybindings.
2024-01-18 13:40:10.569 [info] Snippets (test): No changes found during synchronizing snippets.
2024-01-18 13:40:10.570 [info] Tasks (test): No changes found during synchronizing tasks.
2024-01-18 13:40:10.574 [info] GlobalState (test): No changes found during synchronizing ui state.
2024-01-18 13:40:10.610 [info] Extensions (test): No changes found during synchronizing extensions.
2024-01-18 13:40:10.613 [info] Sync done. Took 522ms
2024-01-18 13:40:26.078 [info] Auto Sync: Triggered by Activity
2024-01-18 13:40:26.079 [info] Sync started.
2024-01-18 13:40:26.562 [info] Settings: No changes found during synchronizing settings.
2024-01-18 13:40:26.571 [info] Keybindings: No changes found during synchronizing keybindings.
2024-01-18 13:40:26.576 [info] Snippets: No changes found during synchronizing snippets.
2024-01-18 13:40:26.578 [info] Tasks: No changes found during synchronizing tasks.
2024-01-18 13:40:26.581 [info] GlobalState: No changes found during synchronizing ui state.
2024-01-18 13:40:26.662 [info] Extensions: No changes found during synchronizing extensions.
2024-01-18 13:40:26.663 [info] Profiles: No changes found during synchronizing profiles.
2024-01-18 13:40:26.664 [info] Syncing profile. gwegw
2024-01-18 13:40:26.665 [info] Keybindings (gwegw): No changes found during synchronizing keybindings.
2024-01-18 13:40:26.682 [info] GlobalState (gwegw): No changes found during synchronizing ui state.
2024-01-18 13:40:26.683 [info] Syncing profile. test
2024-01-18 13:40:26.685 [info] Settings (test): No changes found during synchronizing settings.
2024-01-18 13:40:26.686 [info] Keybindings (test): No changes found during synchronizing keybindings.
2024-01-18 13:40:26.688 [info] Snippets (test): No changes found during synchronizing snippets.
2024-01-18 13:40:26.689 [info] Tasks (test): No changes found during synchronizing tasks.
2024-01-18 13:40:26.693 [info] GlobalState (test): No changes found during synchronizing ui state.
2024-01-18 13:40:26.729 [info] Extensions (test): No changes found during synchronizing extensions.
2024-01-18 13:40:26.730 [info] Sync done. Took 652ms
2024-01-18 13:42:29.697 [info] Auto Sync: Triggered by Activity
2024-01-18 13:42:29.698 [info] Sync started.
2024-01-18 13:42:29.794 [info] Settings: No changes found during synchronizing settings.
2024-01-18 13:42:29.806 [info] Keybindings: No changes found during synchronizing keybindings.
2024-01-18 13:42:29.811 [info] Snippets: No changes found during synchronizing snippets.
2024-01-18 13:42:29.813 [info] Tasks: No changes found during synchronizing tasks.
2024-01-18 13:42:29.817 [info] GlobalState: No changes found during synchronizing ui state.
2024-01-18 13:42:29.934 [info] Extensions: No changes found during synchronizing extensions.
2024-01-18 13:42:29.936 [info] Profiles: No changes found during synchronizing profiles.
2024-01-18 13:42:29.937 [info] Syncing profile. gwegw
2024-01-18 13:42:29.939 [info] Keybindings (gwegw): No changes found during synchronizing keybindings.
2024-01-18 13:42:29.966 [info] GlobalState (gwegw): No changes found during synchronizing ui state.
2024-01-18 13:42:29.967 [info] Syncing profile. test
2024-01-18 13:42:29.971 [info] Settings (test): No changes found during synchronizing settings.
2024-01-18 13:42:29.985 [info] Keybindings (test): No changes found during synchronizing keybindings.
2024-01-18 13:42:29.989 [info] Snippets (test): No changes found during synchronizing snippets.
2024-01-18 13:42:29.993 [info] Tasks (test): No changes found during synchronizing tasks.
2024-01-18 13:42:30.004 [info] GlobalState (test): No changes found during synchronizing ui state.
2024-01-18 13:42:30.078 [info] Extensions (test): No changes found during synchronizing extensions.
2024-01-18 13:42:30.079 [info] Sync done. Took 383ms
2024-01-18 13:43:42.755 [info] Auto Sync: Triggered by Activity
2024-01-18 13:43:42.755 [info] Sync started.
2024-01-18 13:43:43.056 [info] Settings: No changes found during synchronizing settings.
2024-01-18 13:43:43.067 [info] Keybindings: No changes found during synchronizing keybindings.
2024-01-18 13:43:43.072 [info] Snippets: No changes found during synchronizing snippets.
2024-01-18 13:43:43.074 [info] Tasks: No changes found during synchronizing tasks.
2024-01-18 13:43:43.078 [info] GlobalState: No changes found during synchronizing ui state.
2024-01-18 13:43:43.173 [info] Extensions: No changes found during synchronizing extensions.
2024-01-18 13:43:43.173 [info] Profiles: No changes found during synchronizing profiles.
2024-01-18 13:43:43.175 [info] Syncing profile. gwegw
2024-01-18 13:43:43.176 [info] Keybindings (gwegw): No changes found during synchronizing keybindings.
2024-01-18 13:43:43.194 [info] GlobalState (gwegw): No changes found during synchronizing ui state.
2024-01-18 13:43:43.194 [info] Syncing profile. test
2024-01-18 13:43:43.195 [info] Settings (test): No changes found during synchronizing settings.
2024-01-18 13:43:43.197 [info] Keybindings (test): No changes found during synchronizing keybindings.
2024-01-18 13:43:43.199 [info] Snippets (test): No changes found during synchronizing snippets.
2024-01-18 13:43:43.200 [info] Tasks (test): No changes found during synchronizing tasks.
2024-01-18 13:43:43.204 [info] GlobalState (test): No changes found during synchronizing ui state.
2024-01-18 13:43:43.249 [info] Extensions (test): No changes found during synchronizing extensions.
2024-01-18 13:43:43.250 [info] Sync done. Took 495ms
